New log file opened at Sun Nov 13 00:06:30 BOT 2016 by 9408@Geraldo-PC
Sending msg to client activator-fba7b3eb-a7e1-4148-b7c3-92fbc20ef293: DetachedLogEvent(LogMessage(debug,sbt server socket logs are in: C:\Users\Geraldo Lopez\Desktop\PRTravelServer\.sbtserver\connections\master.log))
Sending msg to client activator-fba7b3eb-a7e1-4148-b7c3-92fbc20ef293: DetachedLogEvent(LogMessage(debug,sbt client logs are in: C:\Users\Geraldo Lopez\Desktop\PRTravelServer\.sbtserver\connections\activator-fba7b3eb-a7e1-4148-b7c3-92fbc20ef293.log))
Sending msg to client activator-fba7b3eb-a7e1-4148-b7c3-92fbc20ef293: DetachedLogEvent(LogMessage(debug,sbt general server logs are in: C:\Users\Geraldo Lopez\Desktop\PRTravelServer\.sbtserver\master.log))
Dropping message DetachedLogEvent(LogMessage(debug,sbt general server logs are in: C:\Users\Geraldo Lopez\Desktop\PRTravelServer\.sbtserver\master.log)) because client activator-fba7b3eb-a7e1-4148-b7c3-92fbc20ef293 of an exception serializing and sending: java.net.SocketException: Software caused connection abort: socket write error
stack trace sending message was 
java.net.SocketException: Software caused connection abort: socket write error
	at java.net.SocketOutputStream.socketWrite0(Native Method)
	at java.net.SocketOutputStream.socketWrite(SocketOutputStream.java:109)
	at java.net.SocketOutputStream.write(SocketOutputStream.java:153)
	at java.io.BufferedOutputStream.flushBuffer(BufferedOutputStream.java:82)
	at java.io.BufferedOutputStream.flush(BufferedOutputStream.java:140)
	at java.io.DataOutputStream.flush(DataOutputStream.java:123)
	at sbt.impl.ipc.Peer.send(IPC.scala:79)
	at sbt.impl.ipc.Peer.send(IPC.scala:83)
	at sbt.impl.ipc.Peer.sendString(IPC.scala:106)
	at sbt.impl.ipc.Peer.sendJson(IPC.scala:119)
	at sbt.server.SbtClientHandler$$anonfun$send$1.apply$mcV$sp(SbtClientHandler.scala:128)
	at sbt.server.SbtClientHandler.wrappedSend(SbtClientHandler.scala:113)
	at sbt.server.SbtClientHandler.send(SbtClientHandler.scala:128)
	at sbt.server.SbtServerSocketHandler$$anon$1.run(SbtServerSocketHandler.scala:92)
Dropping message DetachedLogEvent(LogMessage(debug,sbt client logs are in: C:\Users\Geraldo Lopez\Desktop\PRTravelServer\.sbtserver\connections\activator-fba7b3eb-a7e1-4148-b7c3-92fbc20ef293.log)) because client activator-fba7b3eb-a7e1-4148-b7c3-92fbc20ef293 of an exception serializing and sending: java.net.SocketException: Software caused connection abort: socket write error
stack trace sending message was 
java.net.SocketException: Software caused connection abort: socket write error
	at java.net.SocketOutputStream.socketWrite0(Native Method)
	at java.net.SocketOutputStream.socketWrite(SocketOutputStream.java:109)
	at java.net.SocketOutputStream.write(SocketOutputStream.java:153)
	at java.io.BufferedOutputStream.flushBuffer(BufferedOutputStream.java:82)
	at java.io.BufferedOutputStream.flush(BufferedOutputStream.java:140)
	at java.io.DataOutputStream.flush(DataOutputStream.java:123)
	at sbt.impl.ipc.Peer.send(IPC.scala:79)
	at sbt.impl.ipc.Peer.send(IPC.scala:83)
	at sbt.impl.ipc.Peer.sendString(IPC.scala:106)
	at sbt.impl.ipc.Peer.sendJson(IPC.scala:119)
	at sbt.server.SbtClientHandler$$anonfun$send$1.apply$mcV$sp(SbtClientHandler.scala:128)
	at sbt.server.SbtClientHandler.wrappedSend(SbtClientHandler.scala:113)
	at sbt.server.SbtClientHandler.send(SbtClientHandler.scala:128)
	at sbt.server.SbtClientHandler$clientThread$.run(SbtClientHandler.scala:42)
Reading next message from client.
Client activator-fba7b3eb-a7e1-4148-b7c3-92fbc20ef293 closed, java.net.SocketException: socket is closed, shutting down
Dropping message (0,ReceivedResponse()) to dead client activator-fba7b3eb-a7e1-4148-b7c3-92fbc20ef293
Client activator-fba7b3eb-a7e1-4148-b7c3-92fbc20ef293 thread exiting.
