New log file opened at Wed Oct 12 22:23:50 BOT 2016 by 2232@Harry-HP
Sending msg to client play-fork-run-462da843-7585-4aa7-bf5b-6c2041bf7e26: DetachedLogEvent(LogMessage(debug,sbt server socket logs are in: C:\Users\Harry\Documents\PRTravelServer\.sbtserver\connections\master.log))
Sending msg to client play-fork-run-462da843-7585-4aa7-bf5b-6c2041bf7e26: DetachedLogEvent(LogMessage(debug,sbt general server logs are in: C:\Users\Harry\Documents\PRTravelServer\.sbtserver\master.log))
Sending msg to client play-fork-run-462da843-7585-4aa7-bf5b-6c2041bf7e26: DetachedLogEvent(LogMessage(debug,sbt client logs are in: C:\Users\Harry\Documents\PRTravelServer\.sbtserver\connections\play-fork-run-462da843-7585-4aa7-bf5b-6c2041bf7e26.log))
Reading next message from client.
Got request: DaemonRequest(true)
Reading next message from client.
Sending msg to client play-fork-run-462da843-7585-4aa7-bf5b-6c2041bf7e26: (3,ReceivedResponse())
Got request: ListenToEvents()
Reading next message from client.
Got request: KeyLookupRequest(root/playForkConfig)
Reading next message from client.
Sending msg to client play-fork-run-462da843-7585-4aa7-bf5b-6c2041bf7e26: BackgroundJobStarted(46,BackgroundJobInfo(8,backgroundRun,AttributeKey[sbt.BackgroundJobHandle]("backgroundRun") in Scope(Build: file:/C:/Users/Harry/Documents/PRTravelServer/, , Project: ProjectReference(file:/C:/Users/Harry/Documents/PRTravelServer/,root), Config: compile)))
Sending msg to client play-fork-run-462da843-7585-4aa7-bf5b-6c2041bf7e26: BackgroundJobStarted(40,BackgroundJobInfo(7,backgroundRun,AttributeKey[sbt.BackgroundJobHandle]("backgroundRun") in Scope(Build: file:/C:/Users/Harry/Documents/PRTravelServer/, , Project: ProjectReference(file:/C:/Users/Harry/Documents/PRTravelServer/,root), Config: compile)))
Sending msg to client play-fork-run-462da843-7585-4aa7-bf5b-6c2041bf7e26: (4,ReceivedResponse())
Sending msg to client play-fork-run-462da843-7585-4aa7-bf5b-6c2041bf7e26: BackgroundJobLogEvent(7,LogMessage(info,Forked Play process exited with status: 0))
Sending msg to client play-fork-run-462da843-7585-4aa7-bf5b-6c2041bf7e26: (5,KeyLookupResponse(root/playForkConfig,Vector(AttributeKey[play.forkrun.protocol.ForkConfig]("playForkConfig") in Scope(Build: file:/C:/Users/Harry/Documents/PRTravelServer/, , Project: ProjectReference(file:/C:/Users/Harry/Documents/PRTravelServer/,root)))))
Got request: ListenToValue(AttributeKey[play.forkrun.protocol.ForkConfig]("playForkConfig") in Scope(Build: file:/C:/Users/Harry/Documents/PRTravelServer/, , Project: ProjectReference(file:/C:/Users/Harry/Documents/PRTravelServer/,root)))
Reading next message from client.
Sending msg to client play-fork-run-462da843-7585-4aa7-bf5b-6c2041bf7e26: (6,ReceivedResponse())
Got request: KeyExecutionRequest(AttributeKey[play.forkrun.protocol.ForkConfig]("playForkConfig") in Scope(Build: file:/C:/Users/Harry/Documents/PRTravelServer/, , Project: ProjectReference(file:/C:/Users/Harry/Documents/PRTravelServer/,root)))
Reading next message from client.
Sending msg to client play-fork-run-462da843-7585-4aa7-bf5b-6c2041bf7e26: (7,ExecutionRequestReceived(47))
Sending msg to client play-fork-run-462da843-7585-4aa7-bf5b-6c2041bf7e26: ExecutionWaiting(47,{file:/C:/Users/Harry/Documents/PRTravelServer/}root/*:playForkConfig,ClientInfo(462da843-7585-4aa7-bf5b-6c2041bf7e26,play-fork-run,Play Fork Run,1,Vector()))
Sending msg to client play-fork-run-462da843-7585-4aa7-bf5b-6c2041bf7e26: ExecutionStarting(47)
Sending msg to client play-fork-run-462da843-7585-4aa7-bf5b-6c2041bf7e26: DetachedLogEvent(LogMessage(debug,> {file:/C:/Users/Harry/Documents/PRTravelServer/}root/*:playForkConfig))
Sending msg to client play-fork-run-462da843-7585-4aa7-bf5b-6c2041bf7e26: DetachedLogEvent(LogMessage(debug,Evaluating tasks: *:playForkConfig))
Sending msg to client play-fork-run-462da843-7585-4aa7-bf5b-6c2041bf7e26: DetachedLogEvent(LogMessage(debug,Running task... Cancel: sbt.server.ServerTaskCancellation@477e2e39, check cycles: false))
Sending msg to client play-fork-run-462da843-7585-4aa7-bf5b-6c2041bf7e26: DetachedLogEvent(LogMessage(debug,cancel strategy start enabled=true lastCommand=Some(LastCommand(CommandExecutionWork(ExecutionId(47),{file:/C:/Users/Harry/Documents/PRTravelServer/}root/*:playForkConfig,Set(LiveClient(play-fork-run 462da843-7585-4aa7-bf5b-6c2041bf7e26)),sbt.server.WorkCancellationStatus$$anon$1@1113d539)))))
Sending msg to client play-fork-run-462da843-7585-4aa7-bf5b-6c2041bf7e26: TaskStarted(47,3832,Some(AttributeKey[scala.Option[java.lang.String]]("mainClass") in Scope(Build: file:/C:/Users/Harry/Documents/PRTravelServer/, , Project: ProjectReference(file:/C:/Users/Harry/Documents/PRTravelServer/,root), Config: compile, Task: AttributeKey[void]("run"))))
Sending msg to client play-fork-run-462da843-7585-4aa7-bf5b-6c2041bf7e26: TaskStarted(47,3839,None)
Sending msg to client play-fork-run-462da843-7585-4aa7-bf5b-6c2041bf7e26: TaskStarted(47,3842,None)
Sending msg to client play-fork-run-462da843-7585-4aa7-bf5b-6c2041bf7e26: TaskStarted(47,3845,Some(AttributeKey[java.lang.String]("updateCacheName") in Scope(Build: file:/C:/Users/Harry/Documents/PRTravelServer/, , Project: ProjectReference(file:/C:/Users/Harry/Documents/PRTravelServer/,root))))
Sending msg to client play-fork-run-462da843-7585-4aa7-bf5b-6c2041bf7e26: TaskStarted(47,3847,Some(AttributeKey[boolean]("skip") in Scope(Global)))
Sending msg to client play-fork-run-462da843-7585-4aa7-bf5b-6c2041bf7e26: TaskStarted(47,3848,None)
Sending msg to client play-fork-run-462da843-7585-4aa7-bf5b-6c2041bf7e26: TaskStarted(47,3851,Some(AttributeKey[scala.collection.Seq[sbt.Credentials]]("credentials") in Scope(Global)))
Sending msg to client play-fork-run-462da843-7585-4aa7-bf5b-6c2041bf7e26: TaskStarted(47,3855,Some(AttributeKey[scala.collection.Seq[sbt.Resolver]]("externalResolvers") in Scope(Build: file:/C:/Users/Harry/Documents/PRTravelServer/, , Project: ProjectReference(file:/C:/Users/Harry/Documents/PRTravelServer/,root))))
Sending msg to client play-fork-run-462da843-7585-4aa7-bf5b-6c2041bf7e26: TaskStarted(47,3856,Some(AttributeKey[scala.Option[scala.collection.Seq[sbt.Resolver]]]("bootResolvers") in Scope(Build: file:/C:/Users/Harry/Documents/PRTravelServer/, , Project: ProjectReference(file:/C:/Users/Harry/Documents/PRTravelServer/,root))))
Sending msg to client play-fork-run-462da843-7585-4aa7-bf5b-6c2041bf7e26: TaskStarted(47,3867,None)
Sending msg to client play-fork-run-462da843-7585-4aa7-bf5b-6c2041bf7e26: TaskStarted(47,3869,None)
Sending msg to client play-fork-run-462da843-7585-4aa7-bf5b-6c2041bf7e26: TaskStarted(47,3870,None)
Sending msg to client play-fork-run-462da843-7585-4aa7-bf5b-6c2041bf7e26: TaskStarted(47,3874,None)
Sending msg to client play-fork-run-462da843-7585-4aa7-bf5b-6c2041bf7e26: TaskStarted(47,3883,None)
Sending msg to client play-fork-run-462da843-7585-4aa7-bf5b-6c2041bf7e26: TaskStarted(47,3884,Some(AttributeKey[scala.collection.Seq[java.lang.String]]("javaOptions") in Scope(Global)))
Sending msg to client play-fork-run-462da843-7585-4aa7-bf5b-6c2041bf7e26: TaskStarted(47,3886,Some(AttributeKey[scala.Tuple2[java.lang.String,java.io.File]]("playPrefixAndAssets") in Scope(Build: file:/C:/Users/Harry/Documents/PRTravelServer/, , Project: ProjectReference(file:/C:/Users/Harry/Documents/PRTravelServer/,root))))
Sending msg to client play-fork-run-462da843-7585-4aa7-bf5b-6c2041bf7e26: TaskStarted(47,3888,None)
Sending msg to client play-fork-run-462da843-7585-4aa7-bf5b-6c2041bf7e26: TaskFinished(47,3832,Some(AttributeKey[scala.Option[java.lang.String]]("mainClass") in Scope(Build: file:/C:/Users/Harry/Documents/PRTravelServer/, , Project: ProjectReference(file:/C:/Users/Harry/Documents/PRTravelServer/,root), Config: compile, Task: AttributeKey[void]("run"))),true,None)
Sending msg to client play-fork-run-462da843-7585-4aa7-bf5b-6c2041bf7e26: TaskFinished(47,3839,None,true,None)
Sending msg to client play-fork-run-462da843-7585-4aa7-bf5b-6c2041bf7e26: TaskStarted(47,3838,None)
Sending msg to client play-fork-run-462da843-7585-4aa7-bf5b-6c2041bf7e26: TaskStarted(47,3846,None)
Sending msg to client play-fork-run-462da843-7585-4aa7-bf5b-6c2041bf7e26: TaskStarted(47,3853,None)
Sending msg to client play-fork-run-462da843-7585-4aa7-bf5b-6c2041bf7e26: TaskStarted(47,3859,None)
Sending msg to client play-fork-run-462da843-7585-4aa7-bf5b-6c2041bf7e26: TaskStarted(47,3862,None)
Sending msg to client play-fork-run-462da843-7585-4aa7-bf5b-6c2041bf7e26: TaskStarted(47,3875,None)
Sending msg to client play-fork-run-462da843-7585-4aa7-bf5b-6c2041bf7e26: TaskStarted(47,3878,None)
Sending msg to client play-fork-run-462da843-7585-4aa7-bf5b-6c2041bf7e26: TaskStarted(47,3879,None)
Sending msg to client play-fork-run-462da843-7585-4aa7-bf5b-6c2041bf7e26: TaskFinished(47,3842,None,true,None)
Sending msg to client play-fork-run-462da843-7585-4aa7-bf5b-6c2041bf7e26: TaskStarted(47,3841,Some(AttributeKey[java.io.File]("dependencyCacheDirectory") in Scope(Build: file:/C:/Users/Harry/Documents/PRTravelServer/, , Project: ProjectReference(file:/C:/Users/Harry/Documents/PRTravelServer/,root))))
Sending msg to client play-fork-run-462da843-7585-4aa7-bf5b-6c2041bf7e26: TaskStarted(47,3861,Some(AttributeKey[sbt.BuildStructure]("buildStructure") in Scope(Global)))
Sending msg to client play-fork-run-462da843-7585-4aa7-bf5b-6c2041bf7e26: TaskFinished(47,3845,Some(AttributeKey[java.lang.String]("updateCacheName") in Scope(Build: file:/C:/Users/Harry/Documents/PRTravelServer/, , Project: ProjectReference(file:/C:/Users/Harry/Documents/PRTravelServer/,root))),true,None)
Sending msg to client play-fork-run-462da843-7585-4aa7-bf5b-6c2041bf7e26: TaskFinished(47,3847,Some(AttributeKey[boolean]("skip") in Scope(Global)),true,None)
Sending msg to client play-fork-run-462da843-7585-4aa7-bf5b-6c2041bf7e26: TaskFinished(47,3856,Some(AttributeKey[scala.Option[scala.collection.Seq[sbt.Resolver]]]("bootResolvers") in Scope(Build: file:/C:/Users/Harry/Documents/PRTravelServer/, , Project: ProjectReference(file:/C:/Users/Harry/Documents/PRTravelServer/,root))),true,None)
Sending msg to client play-fork-run-462da843-7585-4aa7-bf5b-6c2041bf7e26: TaskFinished(47,3867,None,true,None)
Sending msg to client play-fork-run-462da843-7585-4aa7-bf5b-6c2041bf7e26: TaskFinished(47,3848,None,true,None)
Sending msg to client play-fork-run-462da843-7585-4aa7-bf5b-6c2041bf7e26: TaskFinished(47,3870,None,true,None)
Sending msg to client play-fork-run-462da843-7585-4aa7-bf5b-6c2041bf7e26: TaskFinished(47,3874,None,true,None)
Sending msg to client play-fork-run-462da843-7585-4aa7-bf5b-6c2041bf7e26: TaskFinished(47,3883,None,true,None)
Sending msg to client play-fork-run-462da843-7585-4aa7-bf5b-6c2041bf7e26: TaskFinished(47,3869,None,true,None)
Sending msg to client play-fork-run-462da843-7585-4aa7-bf5b-6c2041bf7e26: TaskStarted(47,3868,Some(AttributeKey[scala.collection.Seq[sbt.UpdateReport]]("transitiveUpdate") in Scope(Build: file:/C:/Users/Harry/Documents/PRTravelServer/, , Project: ProjectReference(file:/C:/Users/Harry/Documents/PRTravelServer/,root))))
Sending msg to client play-fork-run-462da843-7585-4aa7-bf5b-6c2041bf7e26: TaskFinished(47,3884,Some(AttributeKey[scala.collection.Seq[java.lang.String]]("javaOptions") in Scope(Global)),true,None)
Sending msg to client play-fork-run-462da843-7585-4aa7-bf5b-6c2041bf7e26: TaskStarted(47,3882,Some(AttributeKey[scala.collection.Seq[java.lang.String]]("javaOptions") in Scope(Build: file:/C:/Users/Harry/Documents/PRTravelServer/, )))
Sending msg to client play-fork-run-462da843-7585-4aa7-bf5b-6c2041bf7e26: TaskFinished(47,3886,Some(AttributeKey[scala.Tuple2[java.lang.String,java.io.File]]("playPrefixAndAssets") in Scope(Build: file:/C:/Users/Harry/Documents/PRTravelServer/, , Project: ProjectReference(file:/C:/Users/Harry/Documents/PRTravelServer/,root))),true,None)
Sending msg to client play-fork-run-462da843-7585-4aa7-bf5b-6c2041bf7e26: TaskStarted(47,3885,Some(AttributeKey[scala.collection.Seq[scala.Tuple2[java.lang.String,java.io.File]]]("playAllAssets") in Scope(Build: file:/C:/Users/Harry/Documents/PRTravelServer/, , Project: ProjectReference(file:/C:/Users/Harry/Documents/PRTravelServer/,root))))
Sending msg to client play-fork-run-462da843-7585-4aa7-bf5b-6c2041bf7e26: TaskFinished(47,3888,None,true,None)
Sending msg to client play-fork-run-462da843-7585-4aa7-bf5b-6c2041bf7e26: TaskFinished(47,3846,None,true,None)
Sending msg to client play-fork-run-462da843-7585-4aa7-bf5b-6c2041bf7e26: TaskStarted(47,3844,Some(AttributeKey[scala.collection.immutable.Map[sbt.ModuleID,sbt.SourcePosition]]("dependencyPositions") in Scope(Build: file:/C:/Users/Harry/Documents/PRTravelServer/, , Project: ProjectReference(file:/C:/Users/Harry/Documents/PRTravelServer/,root))))
Sending msg to client play-fork-run-462da843-7585-4aa7-bf5b-6c2041bf7e26: TaskFinished(47,3838,None,true,None)
Sending msg to client play-fork-run-462da843-7585-4aa7-bf5b-6c2041bf7e26: TaskFinished(47,3851,Some(AttributeKey[scala.collection.Seq[sbt.Credentials]]("credentials") in Scope(Global)),true,None)
Sending msg to client play-fork-run-462da843-7585-4aa7-bf5b-6c2041bf7e26: TaskFinished(47,3862,None,true,None)
Sending msg to client play-fork-run-462da843-7585-4aa7-bf5b-6c2041bf7e26: TaskFinished(47,3875,None,true,None)
Sending msg to client play-fork-run-462da843-7585-4aa7-bf5b-6c2041bf7e26: TaskFinished(47,3878,None,true,None)
Sending msg to client play-fork-run-462da843-7585-4aa7-bf5b-6c2041bf7e26: TaskFinished(47,3879,None,true,None)
Sending msg to client play-fork-run-462da843-7585-4aa7-bf5b-6c2041bf7e26: TaskFinished(47,3841,Some(AttributeKey[java.io.File]("dependencyCacheDirectory") in Scope(Build: file:/C:/Users/Harry/Documents/PRTravelServer/, , Project: ProjectReference(file:/C:/Users/Harry/Documents/PRTravelServer/,root))),true,None)
Sending msg to client play-fork-run-462da843-7585-4aa7-bf5b-6c2041bf7e26: TaskFinished(47,3861,Some(AttributeKey[sbt.BuildStructure]("buildStructure") in Scope(Global)),true,None)
Sending msg to client play-fork-run-462da843-7585-4aa7-bf5b-6c2041bf7e26: TaskStarted(47,3860,Some(AttributeKey[sbt.Settings[sbt.Scope]]("settingsData") in Scope(Global)))
Sending msg to client play-fork-run-462da843-7585-4aa7-bf5b-6c2041bf7e26: TaskFinished(47,3855,Some(AttributeKey[scala.collection.Seq[sbt.Resolver]]("externalResolvers") in Scope(Build: file:/C:/Users/Harry/Documents/PRTravelServer/, , Project: ProjectReference(file:/C:/Users/Harry/Documents/PRTravelServer/,root))),true,None)
Sending msg to client play-fork-run-462da843-7585-4aa7-bf5b-6c2041bf7e26: TaskFinished(47,3868,Some(AttributeKey[scala.collection.Seq[sbt.UpdateReport]]("transitiveUpdate") in Scope(Build: file:/C:/Users/Harry/Documents/PRTravelServer/, , Project: ProjectReference(file:/C:/Users/Harry/Documents/PRTravelServer/,root))),true,None)
Sending msg to client play-fork-run-462da843-7585-4aa7-bf5b-6c2041bf7e26: TaskFinished(47,3882,Some(AttributeKey[scala.collection.Seq[java.lang.String]]("javaOptions") in Scope(Build: file:/C:/Users/Harry/Documents/PRTravelServer/, )),true,None)
Sending msg to client play-fork-run-462da843-7585-4aa7-bf5b-6c2041bf7e26: TaskFinished(47,3853,None,true,None)
Sending msg to client play-fork-run-462da843-7585-4aa7-bf5b-6c2041bf7e26: TaskFinished(47,3859,None,true,None)
Sending msg to client play-fork-run-462da843-7585-4aa7-bf5b-6c2041bf7e26: TaskFinished(47,3885,Some(AttributeKey[scala.collection.Seq[scala.Tuple2[java.lang.String,java.io.File]]]("playAllAssets") in Scope(Build: file:/C:/Users/Harry/Documents/PRTravelServer/, , Project: ProjectReference(file:/C:/Users/Harry/Documents/PRTravelServer/,root))),true,None)
Sending msg to client play-fork-run-462da843-7585-4aa7-bf5b-6c2041bf7e26: TaskFinished(47,3844,Some(AttributeKey[scala.collection.immutable.Map[sbt.ModuleID,sbt.SourcePosition]]("dependencyPositions") in Scope(Build: file:/C:/Users/Harry/Documents/PRTravelServer/, , Project: ProjectReference(file:/C:/Users/Harry/Documents/PRTravelServer/,root))),true,None)
Sending msg to client play-fork-run-462da843-7585-4aa7-bf5b-6c2041bf7e26: TaskStarted(47,3843,Some(AttributeKey[sbt.UnresolvedWarningConfiguration]("unresolvedWarningConfiguration") in Scope(Build: file:/C:/Users/Harry/Documents/PRTravelServer/, , Project: ProjectReference(file:/C:/Users/Harry/Documents/PRTravelServer/,root), Task: AttributeKey[sbt.UpdateReport]("update"))))
Sending msg to client play-fork-run-462da843-7585-4aa7-bf5b-6c2041bf7e26: TaskFinished(47,3843,Some(AttributeKey[sbt.UnresolvedWarningConfiguration]("unresolvedWarningConfiguration") in Scope(Build: file:/C:/Users/Harry/Documents/PRTravelServer/, , Project: ProjectReference(file:/C:/Users/Harry/Documents/PRTravelServer/,root), Task: AttributeKey[sbt.UpdateReport]("update"))),true,None)
Sending msg to client play-fork-run-462da843-7585-4aa7-bf5b-6c2041bf7e26: TaskFinished(47,3860,Some(AttributeKey[sbt.Settings[sbt.Scope]]("settingsData") in Scope(Global)),true,None)
Sending msg to client play-fork-run-462da843-7585-4aa7-bf5b-6c2041bf7e26: TaskStarted(47,3858,Some(AttributeKey[scala.collection.immutable.Map[org.apache.ivy.core.module.id.ModuleRevisionId,org.apache.ivy.core.module.descriptor.ModuleDescriptor]]("projectDescriptors") in Scope(Build: file:/C:/Users/Harry/Documents/PRTravelServer/, , Project: ProjectReference(file:/C:/Users/Harry/Documents/PRTravelServer/,root))))
Sending msg to client play-fork-run-462da843-7585-4aa7-bf5b-6c2041bf7e26: TaskStarted(47,3865,Some(AttributeKey[scala.collection.Seq[sbt.ModuleID]]("projectDependencies") in Scope(Build: file:/C:/Users/Harry/Documents/PRTravelServer/, , Project: ProjectReference(file:/C:/Users/Harry/Documents/PRTravelServer/,root))))
Sending msg to client play-fork-run-462da843-7585-4aa7-bf5b-6c2041bf7e26: TaskStarted(47,3866,None)
Sending msg to client play-fork-run-462da843-7585-4aa7-bf5b-6c2041bf7e26: TaskStarted(47,3877,None)
Sending msg to client play-fork-run-462da843-7585-4aa7-bf5b-6c2041bf7e26: TaskStarted(47,3887,Some(AttributeKey[scala.collection.Seq[java.io.File]]("playMonitoredFiles") in Scope(Build: file:/C:/Users/Harry/Documents/PRTravelServer/, , Project: ProjectReference(file:/C:/Users/Harry/Documents/PRTravelServer/,root))))
Sending msg to client play-fork-run-462da843-7585-4aa7-bf5b-6c2041bf7e26: BackgroundJobFinished(40,7)
Sending msg to client play-fork-run-462da843-7585-4aa7-bf5b-6c2041bf7e26: TaskFinished(47,3865,Some(AttributeKey[scala.collection.Seq[sbt.ModuleID]]("projectDependencies") in Scope(Build: file:/C:/Users/Harry/Documents/PRTravelServer/, , Project: ProjectReference(file:/C:/Users/Harry/Documents/PRTravelServer/,root))),true,None)
Sending msg to client play-fork-run-462da843-7585-4aa7-bf5b-6c2041bf7e26: TaskStarted(47,3864,Some(AttributeKey[scala.collection.Seq[sbt.ModuleID]]("allDependencies") in Scope(Build: file:/C:/Users/Harry/Documents/PRTravelServer/, , Project: ProjectReference(file:/C:/Users/Harry/Documents/PRTravelServer/,root))))
Sending msg to client play-fork-run-462da843-7585-4aa7-bf5b-6c2041bf7e26: TaskStarted(47,3890,None)
Sending msg to client play-fork-run-462da843-7585-4aa7-bf5b-6c2041bf7e26: TaskStarted(47,3894,None)
Sending msg to client play-fork-run-462da843-7585-4aa7-bf5b-6c2041bf7e26: TaskStarted(47,3895,None)
Sending msg to client play-fork-run-462da843-7585-4aa7-bf5b-6c2041bf7e26: TaskStarted(47,3898,None)
Sending msg to client play-fork-run-462da843-7585-4aa7-bf5b-6c2041bf7e26: TaskStarted(47,3900,None)
Sending msg to client play-fork-run-462da843-7585-4aa7-bf5b-6c2041bf7e26: TaskStarted(47,3901,None)
Sending msg to client play-fork-run-462da843-7585-4aa7-bf5b-6c2041bf7e26: TaskStarted(47,3902,None)
Sending msg to client play-fork-run-462da843-7585-4aa7-bf5b-6c2041bf7e26: TaskStarted(47,3903,None)
Sending msg to client play-fork-run-462da843-7585-4aa7-bf5b-6c2041bf7e26: TaskFinished(47,3890,None,true,None)
Sending msg to client play-fork-run-462da843-7585-4aa7-bf5b-6c2041bf7e26: TaskStarted(47,3889,None)
Sending msg to client play-fork-run-462da843-7585-4aa7-bf5b-6c2041bf7e26: TaskFinished(47,3894,None,true,None)
Sending msg to client play-fork-run-462da843-7585-4aa7-bf5b-6c2041bf7e26: TaskFinished(47,3895,None,true,None)
Sending msg to client play-fork-run-462da843-7585-4aa7-bf5b-6c2041bf7e26: TaskStarted(47,3893,Some(AttributeKey[scala.collection.Seq[sbt.Attributed[java.io.File]]]("unmanagedJars") in Scope(Build: file:/C:/Users/Harry/Documents/PRTravelServer/, , Project: ProjectReference(file:/C:/Users/Harry/Documents/PRTravelServer/,root), Config: runtime)))
Sending msg to client play-fork-run-462da843-7585-4aa7-bf5b-6c2041bf7e26: TaskFinished(47,3901,None,true,None)
Sending msg to client play-fork-run-462da843-7585-4aa7-bf5b-6c2041bf7e26: TaskFinished(47,3898,None,true,None)
Sending msg to client play-fork-run-462da843-7585-4aa7-bf5b-6c2041bf7e26: TaskStarted(47,3897,None)
Sending msg to client play-fork-run-462da843-7585-4aa7-bf5b-6c2041bf7e26: TaskFinished(47,3902,None,true,None)
Sending msg to client play-fork-run-462da843-7585-4aa7-bf5b-6c2041bf7e26: TaskFinished(47,3887,Some(AttributeKey[scala.collection.Seq[java.io.File]]("playMonitoredFiles") in Scope(Build: file:/C:/Users/Harry/Documents/PRTravelServer/, , Project: ProjectReference(file:/C:/Users/Harry/Documents/PRTravelServer/,root))),true,None)
Sending msg to client play-fork-run-462da843-7585-4aa7-bf5b-6c2041bf7e26: TaskFinished(47,3903,None,true,None)
Sending msg to client play-fork-run-462da843-7585-4aa7-bf5b-6c2041bf7e26: TaskFinished(47,3866,None,true,None)
Sending msg to client play-fork-run-462da843-7585-4aa7-bf5b-6c2041bf7e26: TaskFinished(47,3900,None,true,None)
Sending msg to client play-fork-run-462da843-7585-4aa7-bf5b-6c2041bf7e26: TaskStarted(47,3899,Some(AttributeKey[scala.collection.Seq[sbt.Attributed[java.io.File]]]("unmanagedJars") in Scope(Build: file:/C:/Users/Harry/Documents/PRTravelServer/, , Project: ProjectReference(file:/C:/Users/Harry/Documents/PRTravelServer/,root), Config: compile)))
Sending msg to client play-fork-run-462da843-7585-4aa7-bf5b-6c2041bf7e26: TaskFinished(47,3864,Some(AttributeKey[scala.collection.Seq[sbt.ModuleID]]("allDependencies") in Scope(Build: file:/C:/Users/Harry/Documents/PRTravelServer/, , Project: ProjectReference(file:/C:/Users/Harry/Documents/PRTravelServer/,root))),true,None)
Sending msg to client play-fork-run-462da843-7585-4aa7-bf5b-6c2041bf7e26: TaskStarted(47,3863,Some(AttributeKey[sbt.ModuleSettings]("moduleSettings") in Scope(Build: file:/C:/Users/Harry/Documents/PRTravelServer/, , Project: ProjectReference(file:/C:/Users/Harry/Documents/PRTravelServer/,root))))
Sending msg to client play-fork-run-462da843-7585-4aa7-bf5b-6c2041bf7e26: TaskStarted(47,3904,None)
Sending msg to client play-fork-run-462da843-7585-4aa7-bf5b-6c2041bf7e26: TaskFinished(47,3893,Some(AttributeKey[scala.collection.Seq[sbt.Attributed[java.io.File]]]("unmanagedJars") in Scope(Build: file:/C:/Users/Harry/Documents/PRTravelServer/, , Project: ProjectReference(file:/C:/Users/Harry/Documents/PRTravelServer/,root), Config: runtime)),true,None)
Sending msg to client play-fork-run-462da843-7585-4aa7-bf5b-6c2041bf7e26: TaskFinished(47,3889,None,true,None)
Sending msg to client play-fork-run-462da843-7585-4aa7-bf5b-6c2041bf7e26: TaskFinished(47,3858,Some(AttributeKey[scala.collection.immutable.Map[org.apache.ivy.core.module.id.ModuleRevisionId,org.apache.ivy.core.module.descriptor.ModuleDescriptor]]("projectDescriptors") in Scope(Build: file:/C:/Users/Harry/Documents/PRTravelServer/, , Project: ProjectReference(file:/C:/Users/Harry/Documents/PRTravelServer/,root))),true,None)
Sending msg to client play-fork-run-462da843-7585-4aa7-bf5b-6c2041bf7e26: TaskStarted(47,3857,Some(AttributeKey[sbt.Resolver]("projectResolver") in Scope(Build: file:/C:/Users/Harry/Documents/PRTravelServer/, , Project: ProjectReference(file:/C:/Users/Harry/Documents/PRTravelServer/,root))))
Sending msg to client play-fork-run-462da843-7585-4aa7-bf5b-6c2041bf7e26: TaskFinished(47,3863,Some(AttributeKey[sbt.ModuleSettings]("moduleSettings") in Scope(Build: file:/C:/Users/Harry/Documents/PRTravelServer/, , Project: ProjectReference(file:/C:/Users/Harry/Documents/PRTravelServer/,root))),true,None)
Sending msg to client play-fork-run-462da843-7585-4aa7-bf5b-6c2041bf7e26: TaskFinished(47,3904,None,true,None)
Sending msg to client play-fork-run-462da843-7585-4aa7-bf5b-6c2041bf7e26: TaskFinished(47,3897,None,true,None)
Sending msg to client play-fork-run-462da843-7585-4aa7-bf5b-6c2041bf7e26: TaskFinished(47,3857,Some(AttributeKey[sbt.Resolver]("projectResolver") in Scope(Build: file:/C:/Users/Harry/Documents/PRTravelServer/, , Project: ProjectReference(file:/C:/Users/Harry/Documents/PRTravelServer/,root))),true,None)
Sending msg to client play-fork-run-462da843-7585-4aa7-bf5b-6c2041bf7e26: TaskStarted(47,3854,Some(AttributeKey[scala.collection.Seq[sbt.Resolver]]("fullResolvers") in Scope(Build: file:/C:/Users/Harry/Documents/PRTravelServer/, , Project: ProjectReference(file:/C:/Users/Harry/Documents/PRTravelServer/,root))))
Sending msg to client play-fork-run-462da843-7585-4aa7-bf5b-6c2041bf7e26: TaskFinished(47,3854,Some(AttributeKey[scala.collection.Seq[sbt.Resolver]]("fullResolvers") in Scope(Build: file:/C:/Users/Harry/Documents/PRTravelServer/, , Project: ProjectReference(file:/C:/Users/Harry/Documents/PRTravelServer/,root))),true,None)
Sending msg to client play-fork-run-462da843-7585-4aa7-bf5b-6c2041bf7e26: TaskStarted(47,3852,Some(AttributeKey[sbt.IvyConfiguration]("ivyConfiguration") in Scope(Build: file:/C:/Users/Harry/Documents/PRTravelServer/, , Project: ProjectReference(file:/C:/Users/Harry/Documents/PRTravelServer/,root))))
Sending msg to client play-fork-run-462da843-7585-4aa7-bf5b-6c2041bf7e26: TaskFinished(47,3852,Some(AttributeKey[sbt.IvyConfiguration]("ivyConfiguration") in Scope(Build: file:/C:/Users/Harry/Documents/PRTravelServer/, , Project: ProjectReference(file:/C:/Users/Harry/Documents/PRTravelServer/,root))),true,None)
Sending msg to client play-fork-run-462da843-7585-4aa7-bf5b-6c2041bf7e26: TaskStarted(47,3850,Some(AttributeKey[sbt.IvySbt]("ivySbt") in Scope(Build: file:/C:/Users/Harry/Documents/PRTravelServer/, , Project: ProjectReference(file:/C:/Users/Harry/Documents/PRTravelServer/,root))))
Sending msg to client play-fork-run-462da843-7585-4aa7-bf5b-6c2041bf7e26: TaskFinished(47,3899,Some(AttributeKey[scala.collection.Seq[sbt.Attributed[java.io.File]]]("unmanagedJars") in Scope(Build: file:/C:/Users/Harry/Documents/PRTravelServer/, , Project: ProjectReference(file:/C:/Users/Harry/Documents/PRTravelServer/,root), Config: compile)),true,None)
Sending msg to client play-fork-run-462da843-7585-4aa7-bf5b-6c2041bf7e26: TaskStarted(47,3896,Some(AttributeKey[scala.collection.Seq[sbt.Attributed[java.io.File]]]("unmanagedJars") in Scope(Build: file:/C:/Users/Harry/Documents/PRTravelServer/, , Project: ProjectReference(file:/C:/Users/Harry/Documents/PRTravelServer/,root), Config: compile)))
Sending msg to client play-fork-run-462da843-7585-4aa7-bf5b-6c2041bf7e26: TaskFinished(47,3850,Some(AttributeKey[sbt.IvySbt]("ivySbt") in Scope(Build: file:/C:/Users/Harry/Documents/PRTravelServer/, , Project: ProjectReference(file:/C:/Users/Harry/Documents/PRTravelServer/,root))),true,None)
Sending msg to client play-fork-run-462da843-7585-4aa7-bf5b-6c2041bf7e26: TaskStarted(47,3849,Some(AttributeKey[sbt.IvySbt$Module]("ivyModule") in Scope(Build: file:/C:/Users/Harry/Documents/PRTravelServer/, , Project: ProjectReference(file:/C:/Users/Harry/Documents/PRTravelServer/,root))))
Sending msg to client play-fork-run-462da843-7585-4aa7-bf5b-6c2041bf7e26: TaskFinished(47,3849,Some(AttributeKey[sbt.IvySbt$Module]("ivyModule") in Scope(Build: file:/C:/Users/Harry/Documents/PRTravelServer/, , Project: ProjectReference(file:/C:/Users/Harry/Documents/PRTravelServer/,root))),true,None)
Sending msg to client play-fork-run-462da843-7585-4aa7-bf5b-6c2041bf7e26: TaskStarted(47,3840,Some(AttributeKey[sbt.UpdateReport]("update") in Scope(Build: file:/C:/Users/Harry/Documents/PRTravelServer/, , Project: ProjectReference(file:/C:/Users/Harry/Documents/PRTravelServer/,root))))
Sending msg to client play-fork-run-462da843-7585-4aa7-bf5b-6c2041bf7e26: TaskFinished(47,3896,Some(AttributeKey[scala.collection.Seq[sbt.Attributed[java.io.File]]]("unmanagedJars") in Scope(Build: file:/C:/Users/Harry/Documents/PRTravelServer/, , Project: ProjectReference(file:/C:/Users/Harry/Documents/PRTravelServer/,root), Config: compile)),true,None)
Sending msg to client play-fork-run-462da843-7585-4aa7-bf5b-6c2041bf7e26: TaskStarted(47,3892,None)
Sending msg to client play-fork-run-462da843-7585-4aa7-bf5b-6c2041bf7e26: TaskFinished(47,3892,None,true,None)
Sending msg to client play-fork-run-462da843-7585-4aa7-bf5b-6c2041bf7e26: TaskStarted(47,3891,None)
Sending msg to client play-fork-run-462da843-7585-4aa7-bf5b-6c2041bf7e26: TaskFinished(47,3891,None,true,None)
Sending msg to client play-fork-run-462da843-7585-4aa7-bf5b-6c2041bf7e26: TaskFinished(47,3877,None,true,None)
Sending msg to client play-fork-run-462da843-7585-4aa7-bf5b-6c2041bf7e26: TaskStarted(47,3876,Some(AttributeKey[scala.collection.Seq[sbt.Attributed[java.io.File]]]("unmanagedClasspath") in Scope(Build: file:/C:/Users/Harry/Documents/PRTravelServer/, , Project: ProjectReference(file:/C:/Users/Harry/Documents/PRTravelServer/,root), Config: runtime)))
Sending msg to client play-fork-run-462da843-7585-4aa7-bf5b-6c2041bf7e26: TaskFinished(47,3840,Some(AttributeKey[sbt.UpdateReport]("update") in Scope(Build: file:/C:/Users/Harry/Documents/PRTravelServer/, , Project: ProjectReference(file:/C:/Users/Harry/Documents/PRTravelServer/,root))),true,None)
Sending msg to client play-fork-run-462da843-7585-4aa7-bf5b-6c2041bf7e26: TaskStarted(47,3837,Some(AttributeKey[sbt.UpdateReport]("update") in Scope(Build: file:/C:/Users/Harry/Documents/PRTravelServer/, , Project: ProjectReference(file:/C:/Users/Harry/Documents/PRTravelServer/,root))))
Sending msg to client play-fork-run-462da843-7585-4aa7-bf5b-6c2041bf7e26: TaskFinished(47,3876,Some(AttributeKey[scala.collection.Seq[sbt.Attributed[java.io.File]]]("unmanagedClasspath") in Scope(Build: file:/C:/Users/Harry/Documents/PRTravelServer/, , Project: ProjectReference(file:/C:/Users/Harry/Documents/PRTravelServer/,root), Config: runtime)),true,None)
Sending msg to client play-fork-run-462da843-7585-4aa7-bf5b-6c2041bf7e26: TaskFinished(47,3837,Some(AttributeKey[sbt.UpdateReport]("update") in Scope(Build: file:/C:/Users/Harry/Documents/PRTravelServer/, , Project: ProjectReference(file:/C:/Users/Harry/Documents/PRTravelServer/,root))),true,None)
Sending msg to client play-fork-run-462da843-7585-4aa7-bf5b-6c2041bf7e26: TaskStarted(47,3873,Some(AttributeKey[sbt.Configuration]("classpathConfiguration") in Scope(Build: file:/C:/Users/Harry/Documents/PRTravelServer/, , Project: ProjectReference(file:/C:/Users/Harry/Documents/PRTravelServer/,root), Config: compile)))
Sending msg to client play-fork-run-462da843-7585-4aa7-bf5b-6c2041bf7e26: TaskStarted(47,3881,Some(AttributeKey[scala.collection.Seq[sbt.Attributed[java.io.File]]]("managedClasspath") in Scope(Build: file:/C:/Users/Harry/Documents/PRTravelServer/, , Project: ProjectReference(file:/C:/Users/Harry/Documents/PRTravelServer/,root), Config: docs)))
Sending msg to client play-fork-run-462da843-7585-4aa7-bf5b-6c2041bf7e26: TaskFinished(47,3873,Some(AttributeKey[sbt.Configuration]("classpathConfiguration") in Scope(Build: file:/C:/Users/Harry/Documents/PRTravelServer/, , Project: ProjectReference(file:/C:/Users/Harry/Documents/PRTravelServer/,root), Config: compile)),true,None)
Sending msg to client play-fork-run-462da843-7585-4aa7-bf5b-6c2041bf7e26: TaskStarted(47,3872,None)
Sending msg to client play-fork-run-462da843-7585-4aa7-bf5b-6c2041bf7e26: TaskFinished(47,3872,None,true,None)
Sending msg to client play-fork-run-462da843-7585-4aa7-bf5b-6c2041bf7e26: TaskStarted(47,3871,Some(AttributeKey[sbt.Configuration]("classpathConfiguration") in Scope(Build: file:/C:/Users/Harry/Documents/PRTravelServer/, , Project: ProjectReference(file:/C:/Users/Harry/Documents/PRTravelServer/,root), Config: runtime)))
Sending msg to client play-fork-run-462da843-7585-4aa7-bf5b-6c2041bf7e26: TaskFinished(47,3881,Some(AttributeKey[scala.collection.Seq[sbt.Attributed[java.io.File]]]("managedClasspath") in Scope(Build: file:/C:/Users/Harry/Documents/PRTravelServer/, , Project: ProjectReference(file:/C:/Users/Harry/Documents/PRTravelServer/,root), Config: docs)),true,None)
Sending msg to client play-fork-run-462da843-7585-4aa7-bf5b-6c2041bf7e26: TaskStarted(47,3880,Some(AttributeKey[scala.Option[java.io.File]]("playDocsJar") in Scope(Build: file:/C:/Users/Harry/Documents/PRTravelServer/, , Project: ProjectReference(file:/C:/Users/Harry/Documents/PRTravelServer/,root))))
Sending msg to client play-fork-run-462da843-7585-4aa7-bf5b-6c2041bf7e26: TaskFinished(47,3880,Some(AttributeKey[scala.Option[java.io.File]]("playDocsJar") in Scope(Build: file:/C:/Users/Harry/Documents/PRTravelServer/, , Project: ProjectReference(file:/C:/Users/Harry/Documents/PRTravelServer/,root))),true,None)
Sending msg to client play-fork-run-462da843-7585-4aa7-bf5b-6c2041bf7e26: TaskFinished(47,3871,Some(AttributeKey[sbt.Configuration]("classpathConfiguration") in Scope(Build: file:/C:/Users/Harry/Documents/PRTravelServer/, , Project: ProjectReference(file:/C:/Users/Harry/Documents/PRTravelServer/,root), Config: runtime)),true,None)
Sending msg to client play-fork-run-462da843-7585-4aa7-bf5b-6c2041bf7e26: TaskStarted(47,3836,None)
Sending msg to client play-fork-run-462da843-7585-4aa7-bf5b-6c2041bf7e26: TaskFinished(47,3836,None,true,None)
Sending msg to client play-fork-run-462da843-7585-4aa7-bf5b-6c2041bf7e26: TaskStarted(47,3835,Some(AttributeKey[scala.collection.Seq[sbt.Attributed[java.io.File]]]("managedClasspath") in Scope(Build: file:/C:/Users/Harry/Documents/PRTravelServer/, , Project: ProjectReference(file:/C:/Users/Harry/Documents/PRTravelServer/,root), Config: runtime)))
Sending msg to client play-fork-run-462da843-7585-4aa7-bf5b-6c2041bf7e26: TaskFinished(47,3835,Some(AttributeKey[scala.collection.Seq[sbt.Attributed[java.io.File]]]("managedClasspath") in Scope(Build: file:/C:/Users/Harry/Documents/PRTravelServer/, , Project: ProjectReference(file:/C:/Users/Harry/Documents/PRTravelServer/,root), Config: runtime)),true,None)
Sending msg to client play-fork-run-462da843-7585-4aa7-bf5b-6c2041bf7e26: TaskStarted(47,3834,None)
Sending msg to client play-fork-run-462da843-7585-4aa7-bf5b-6c2041bf7e26: TaskFinished(47,3834,None,true,None)
Sending msg to client play-fork-run-462da843-7585-4aa7-bf5b-6c2041bf7e26: TaskStarted(47,3833,Some(AttributeKey[scala.collection.Seq[sbt.Attributed[java.io.File]]]("playDependencyClasspath") in Scope(Build: file:/C:/Users/Harry/Documents/PRTravelServer/, , Project: ProjectReference(file:/C:/Users/Harry/Documents/PRTravelServer/,root))))
Sending msg to client play-fork-run-462da843-7585-4aa7-bf5b-6c2041bf7e26: TaskFinished(47,3833,Some(AttributeKey[scala.collection.Seq[sbt.Attributed[java.io.File]]]("playDependencyClasspath") in Scope(Build: file:/C:/Users/Harry/Documents/PRTravelServer/, , Project: ProjectReference(file:/C:/Users/Harry/Documents/PRTravelServer/,root))),true,None)
Sending msg to client play-fork-run-462da843-7585-4aa7-bf5b-6c2041bf7e26: TaskStarted(47,3831,Some(AttributeKey[play.forkrun.protocol.ForkConfig]("playForkConfig") in Scope(Build: file:/C:/Users/Harry/Documents/PRTravelServer/, , Project: ProjectReference(file:/C:/Users/Harry/Documents/PRTravelServer/,root))))
Sending msg to client play-fork-run-462da843-7585-4aa7-bf5b-6c2041bf7e26: TaskFinished(47,3831,Some(AttributeKey[play.forkrun.protocol.ForkConfig]("playForkConfig") in Scope(Build: file:/C:/Users/Harry/Documents/PRTravelServer/, , Project: ProjectReference(file:/C:/Users/Harry/Documents/PRTravelServer/,root))),true,None)
Sending msg to client play-fork-run-462da843-7585-4aa7-bf5b-6c2041bf7e26: ValueChanged(AttributeKey[play.forkrun.protocol.ForkConfig]("playForkConfig") in Scope(Build: file:/C:/Users/Harry/Documents/PRTravelServer/, , Project: ProjectReference(file:/C:/Users/Harry/Documents/PRTravelServer/,root)),TaskSuccess(BuildValue(LazyValue(ForkConfig(C:\Users\Harry\Documents\PRTravelServer,List(-Djna.nosys=true),List(C:\Users\Harry\Documents\activator-dist-1.3.10\repository\org.scala-lang\scala-library\2.11.7\jars\scala-library.jar, C:\Users\Harry\Documents\activator-dist-1.3.10\repository\com.typesafe.play\twirl-api_2.11\1.1.1\jars\twirl-api_2.11.jar, C:\Users\Harry\Documents\activator-dist-1.3.10\repository\org.apache.commons\commons-lang3\3.4\jars\commons-lang3.jar, C:\Users\Harry\.ivy2\cache\org.scala-lang.modules\scala-xml_2.11\bundles\scala-xml_2.11-1.0.1.jar, C:\Users\Harry\Documents\activator-dist-1.3.10\repository\com.typesafe.play\play-enhancer\1.1.0\jars\play-enhancer.jar, C:\Users\Harry\.ivy2\cache\com.typesafe.play\play-server_2.11\jars\play-server_2.11-2.5.9.jar, C:\Users\Harry\.ivy2\cache\com.typesafe.play\play_2.11\jars\play_2.11-2.5.9.jar, C:\Users\Harry\.ivy2\cache\com.typesafe.play\build-link\jars\build-link-2.5.9.jar, C:\Users\Harry\.ivy2\cache\com.typesafe.play\play-exceptions\jars\play-exceptions-2.5.9.jar, C:\Users\Harry\.ivy2\cache\com.typesafe.play\play-iteratees_2.11\jars\play-iteratees_2.11-2.5.9.jar, C:\Users\Harry\.ivy2\cache\org.scala-stm\scala-stm_2.11\jars\scala-stm_2.11-0.7.jar, C:\Users\Harry\Documents\activator-dist-1.3.10\repository\com.typesafe\config\1.3.0\bundles\config.jar, C:\Users\Harry\.ivy2\cache\com.typesafe.play\play-json_2.11\jars\play-json_2.11-2.5.9.jar, C:\Users\Harry\.ivy2\cache\com.typesafe.play\play-functional_2.11\jars\play-functional_2.11-2.5.9.jar, C:\Users\Harry\.ivy2\cache\com.typesafe.play\play-datacommons_2.11\jars\play-datacommons_2.11-2.5.9.jar, C:\Users\Harry\.ivy2\cache\joda-time\joda-time\jars\joda-time-2.9.4.jar, C:\Users\Harry\Documents\activator-dist-1.3.10\repository\org.joda\joda-convert\1.8.1\jars\joda-convert.jar, C:\Users\Harry\Documents\activator-dist-1.3.10\repository\org.scala-lang\scala-reflect\2.11.7\jars\scala-reflect.jar, C:\Users\Harry\.ivy2\cache\com.fasterxml.jackson.core\jackson-core\bundles\jackson-core-2.7.6.jar, C:\Users\Harry\.ivy2\cache\com.fasterxml.jackson.core\jackson-annotations\bundles\jackson-annotations-2.7.6.jar, C:\Users\Harry\.ivy2\cache\com.fasterxml.jackson.core\jackson-databind\bundles\jackson-databind-2.7.6.jar, C:\Users\Harry\.ivy2\cache\com.fasterxml.jackson.datatype\jackson-datatype-jdk8\bundles\jackson-datatype-jdk8-2.7.6.jar, C:\Users\Harry\.ivy2\cache\com.fasterxml.jackson.datatype\jackson-datatype-jsr310\bundles\jackson-datatype-jsr310-2.7.6.jar, C:\Users\Harry\.ivy2\cache\com.typesafe.play\play-netty-utils\jars\play-netty-utils-2.5.9.jar, C:\Users\Harry\Documents\activator-dist-1.3.10\repository\org.slf4j\slf4j-api\1.7.21\jars\slf4j-api.jar, C:\Users\Harry\.ivy2\cache\org.slf4j\jul-to-slf4j\jars\jul-to-slf4j-1.7.21.jar, C:\Users\Harry\.ivy2\cache\org.slf4j\jcl-over-slf4j\jars\jcl-over-slf4j-1.7.21.jar, C:\Users\Harry\.ivy2\cache\com.typesafe.play\play-streams_2.11\jars\play-streams_2.11-2.5.9.jar, C:\Users\Harry\Documents\activator-dist-1.3.10\repository\org.reactivestreams\reactive-streams\1.0.0\jars\reactive-streams.jar, C:\Users\Harry\.ivy2\cache\com.typesafe.akka\akka-stream_2.11\jars\akka-stream_2.11-2.4.10.jar, C:\Users\Harry\.ivy2\cache\com.typesafe.akka\akka-actor_2.11\jars\akka-actor_2.11-2.4.10.jar, C:\Users\Harry\Documents\activator-dist-1.3.10\repository\org.scala-lang.modules\scala-java8-compat_2.11\0.7.0\bundles\scala-java8-compat_2.11.jar, C:\Users\Harry\.ivy2\cache\com.typesafe\ssl-config-akka_2.11\bundles\ssl-config-akka_2.11-0.2.1.jar, C:\Users\Harry\.ivy2\cache\com.typesafe\ssl-config-core_2.11\bundles\ssl-config-core_2.11-0.2.1.jar, C:\Users\Harry\.ivy2\cache\org.scala-lang.modules\scala-parser-combinators_2.11\bundles\scala-parser-combinators_2.11-1.0.4.jar, C:\Users\Harry\.ivy2\cache\com.typesafe.akka\akka-slf4j_2.11\jars\akka-slf4j_2.11-2.4.10.jar, C:\Users\Harry\Documents\activator-dist-1.3.10\repository\commons-codec\commons-codec\1.10\jars\commons-codec.jar, C:\Users\Harry\.ivy2\cache\xerces\xercesImpl\jars\xercesImpl-2.11.0.jar, C:\Users\Harry\.ivy2\cache\xml-apis\xml-apis\jars\xml-apis-1.4.01.jar, C:\Users\Harry\.ivy2\cache\javax.transaction\jta\jars\jta-1.1.jar, C:\Users\Harry\Documents\activator-dist-1.3.10\repository\com.google.inject\guice\4.0\jars\guice.jar, C:\Users\Harry\Documents\activator-dist-1.3.10\repository\javax.inject\javax.inject\1\jars\javax.inject.jar, C:\Users\Harry\Documents\activator-dist-1.3.10\repository\aopalliance\aopalliance\1.0\jars\aopalliance.jar, C:\Users\Harry\Documents\activator-dist-1.3.10\repository\com.google.inject.extensions\guice-assistedinject\4.0\jars\guice-assistedinject.jar, C:\Users\Harry\.ivy2\cache\com.typesafe.play\play-java_2.11\jars\play-java_2.11-2.5.9.jar, C:\Users\Harry\Documents\activator-dist-1.3.10\repository\org.yaml\snakeyaml\1.16\bundles\snakeyaml.jar, C:\Users\Harry\Documents\activator-dist-1.3.10\repository\org.hibernate\hibernate-validator\5.2.4.Final\jars\hibernate-validator.jar, C:\Users\Harry\Documents\activator-dist-1.3.10\repository\javax.validation\validation-api\1.1.0.Final\jars\validation-api.jar, C:\Users\Harry\Documents\activator-dist-1.3.10\repository\org.jboss.logging\jboss-logging\3.2.1.Final\jars\jboss-logging.jar, C:\Users\Harry\Documents\activator-dist-1.3.10\repository\com.fasterxml\classmate\1.1.0\bundles\classmate.jar, C:\Users\Harry\Documents\activator-dist-1.3.10\repository\javax.el\javax.el-api\3.0.0\jars\javax.el-api.jar, C:\Users\Harry\.ivy2\cache\org.springframework\spring-context\jars\spring-context-4.2.7.RELEASE.jar, C:\Users\Harry\.ivy2\cache\org.springframework\spring-core\jars\spring-core-4.2.7.RELEASE.jar, C:\Users\Harry\.ivy2\cache\org.springframework\spring-beans\jars\spring-beans-4.2.7.RELEASE.jar, C:\Users\Harry\Documents\activator-dist-1.3.10\repository\org.reflections\reflections\0.9.10\jars\reflections.jar, C:\Users\Harry\Documents\activator-dist-1.3.10\repository\com.google.guava\guava\19.0\bundles\guava.jar, C:\Users\Harry\Documents\activator-dist-1.3.10\repository\net.jodah\typetools\0.4.4\bundles\typetools.jar, C:\Users\Harry\Documents\activator-dist-1.3.10\repository\com.google.code.findbugs\jsr305\3.0.1\jars\jsr305.jar, C:\Users\Harry\.ivy2\cache\org.apache.tomcat\tomcat-servlet-api\jars\tomcat-servlet-api-8.0.33.jar, C:\Users\Harry\.ivy2\cache\com.typesafe.play\play-netty-server_2.11\jars\play-netty-server_2.11-2.5.9.jar, C:\Users\Harry\.ivy2\cache\com.typesafe.netty\netty-reactive-streams-http\jars\netty-reactive-streams-http-1.0.8.jar, C:\Users\Harry\.ivy2\cache\com.typesafe.netty\netty-reactive-streams\jars\netty-reactive-streams-1.0.8.jar, C:\Users\Harry\.ivy2\cache\io.netty\netty-handler\jars\netty-handler-4.0.41.Final.jar, C:\Users\Harry\.ivy2\cache\io.netty\netty-buffer\jars\netty-buffer-4.0.41.Final.jar, C:\Users\Harry\.ivy2\cache\io.netty\netty-common\jars\netty-common-4.0.41.Final.jar, C:\Users\Harry\.ivy2\cache\io.netty\netty-transport\jars\netty-transport-4.0.41.Final.jar, C:\Users\Harry\.ivy2\cache\io.netty\netty-codec\jars\netty-codec-4.0.41.Final.jar, C:\Users\Harry\.ivy2\cache\io.netty\netty-codec-http\jars\netty-codec-http-4.0.41.Final.jar, C:\Users\Harry\.ivy2\cache\io.netty\netty-transport-native-epoll\jars\netty-transport-native-epoll-4.0.41.Final-linux-x86_64.jar, C:\Users\Harry\.ivy2\cache\com.typesafe.play\play-logback_2.11\jars\play-logback_2.11-2.5.9.jar, C:\Users\Harry\.ivy2\cache\ch.qos.logback\logback-classic\jars\logback-classic-1.1.7.jar, C:\Users\Harry\.ivy2\cache\ch.qos.logback\logback-core\jars\logback-core-1.1.7.jar, C:\Users\Harry\.ivy2\cache\com.typesafe.play\play-java-jdbc_2.11\jars\play-java-jdbc_2.11-2.5.9.jar, C:\Users\Harry\.ivy2\cache\com.typesafe.play\play-jdbc_2.11\jars\play-jdbc_2.11-2.5.9.jar, C:\Users\Harry\.ivy2\cache\com.typesafe.play\play-jdbc-api_2.11\jars\play-jdbc-api_2.11-2.5.9.jar, C:\Users\Harry\Documents\activator-dist-1.3.10\repository\com.jolbox\bonecp\0.8.0.RELEASE\bundles\bonecp.jar, C:\Users\Harry\.ivy2\cache\com.zaxxer\HikariCP\bundles\HikariCP-2.5.1.jar, C:\Users\Harry\Documents\activator-dist-1.3.10\repository\com.googlecode.usc\jdbcdslog\1.0.6.2\jars\jdbcdslog.jar, C:\Users\Harry\.ivy2\cache\com.h2database\h2\jars\h2-1.4.192.jar, C:\Users\Harry\Documents\activator-dist-1.3.10\repository\tyrex\tyrex\1.0.1\jars\tyrex.jar, C:\Users\Harry\.ivy2\cache\com.typesafe.play\play-cache_2.11\jars\play-cache_2.11-2.5.9.jar, C:\Users\Harry\Documents\activator-dist-1.3.10\repository\net.sf.ehcache\ehcache-core\2.6.11\jars\ehcache-core.jar, C:\Users\Harry\.ivy2\cache\com.typesafe.play\play-java-ws_2.11\jars\play-java-ws_2.11-2.5.9.jar, C:\Users\Harry\.ivy2\cache\com.typesafe.play\play-ws_2.11\jars\play-ws_2.11-2.5.9.jar, C:\Users\Harry\.ivy2\cache\org.asynchttpclient\async-http-client\jars\async-http-client-2.0.11.jar, C:\Users\Harry\.ivy2\cache\org.asynchttpclient\netty-resolver-dns\jars\netty-resolver-dns-2.0.11.jar, C:\Users\Harry\.ivy2\cache\org.asynchttpclient\netty-resolver\jars\netty-resolver-2.0.11.jar, C:\Users\Harry\.ivy2\cache\org.asynchttpclient\netty-codec-dns\jars\netty-codec-dns-2.0.11.jar, C:\Users\Harry\Documents\activator-dist-1.3.10\repository\org.javassist\javassist\3.20.0-GA\bundles\javassist.jar, C:\Users\Harry\.ivy2\cache\oauth.signpost\signpost-core\jars\signpost-core-1.2.1.2.jar, C:\Users\Harry\.ivy2\cache\oauth.signpost\signpost-commonshttp4\jars\signpost-commonshttp4-1.2.1.2.jar, C:\Users\Harry\Documents\activator-dist-1.3.10\repository\org.apache.httpcomponents\httpcore\4.0.1\jars\httpcore.jar, C:\Users\Harry\Documents\activator-dist-1.3.10\repository\org.apache.httpcomponents\httpclient\4.0.1\jars\httpclient.jar, C:\Users\Harry\.ivy2\cache\commons-logging\commons-logging\jars\commons-logging-1.1.1.jar, C:\Users\Harry\.ivy2\cache\com.typesafe.play\filters-helpers_2.11\jars\filters-helpers_2.11-2.5.9.jar),List((public/,C:\Users\Harry\Documents\PRTravelServer\target\web\public\main)),List(C:\Users\Harry\.ivy2\cache\com.typesafe.play\play-omnidoc_2.11\jars\play-omnidoc_2.11-2.5.9.jar, C:\Users\Harry\Documents\activator-dist-1.3.10\repository\org.scala-lang\scala-library\2.11.7\jars\scala-library.jar, C:\Users\Harry\.ivy2\cache\com.typesafe.play\play-docs_2.11\jars\play-docs_2.11-2.5.9.jar, C:\Users\Harry\.ivy2\cache\com.typesafe.play\play-netty-server_2.11\jars\play-netty-server_2.11-2.5.9.jar, C:\Users\Harry\.ivy2\cache\com.typesafe.play\play-server_2.11\jars\play-server_2.11-2.5.9.jar, C:\Users\Harry\.ivy2\cache\com.typesafe.play\play_2.11\jars\play_2.11-2.5.9.jar, C:\Users\Harry\.ivy2\cache\com.typesafe.play\build-link\jars\build-link-2.5.9.jar, C:\Users\Harry\.ivy2\cache\com.typesafe.play\play-exceptions\jars\play-exceptions-2.5.9.jar, C:\Users\Harry\.ivy2\cache\com.typesafe.play\play-iteratees_2.11\jars\play-iteratees_2.11-2.5.9.jar, C:\Users\Harry\.ivy2\cache\org.scala-stm\scala-stm_2.11\jars\scala-stm_2.11-0.7.jar, C:\Users\Harry\Documents\activator-dist-1.3.10\repository\com.typesafe\config\1.3.0\bundles\config.jar, C:\Users\Harry\.ivy2\cache\com.typesafe.play\play-json_2.11\jars\play-json_2.11-2.5.9.jar, C:\Users\Harry\.ivy2\cache\com.typesafe.play\play-functional_2.11\jars\play-functional_2.11-2.5.9.jar, C:\Users\Harry\.ivy2\cache\com.typesafe.play\play-datacommons_2.11\jars\play-datacommons_2.11-2.5.9.jar, C:\Users\Harry\.ivy2\cache\joda-time\joda-time\jars\joda-time-2.9.4.jar, C:\Users\Harry\Documents\activator-dist-1.3.10\repository\org.joda\joda-convert\1.8.1\jars\joda-convert.jar, C:\Users\Harry\Documents\activator-dist-1.3.10\repository\org.scala-lang\scala-reflect\2.11.7\jars\scala-reflect.jar, C:\Users\Harry\.ivy2\cache\com.fasterxml.jackson.core\jackson-core\bundles\jackson-core-2.7.6.jar, C:\Users\Harry\.ivy2\cache\com.fasterxml.jackson.core\jackson-annotations\bundles\jackson-annotations-2.7.6.jar, C:\Users\Harry\.ivy2\cache\com.fasterxml.jackson.core\jackson-databind\bundles\jackson-databind-2.7.6.jar, C:\Users\Harry\.ivy2\cache\com.fasterxml.jackson.datatype\jackson-datatype-jdk8\bundles\jackson-datatype-jdk8-2.7.6.jar, C:\Users\Harry\.ivy2\cache\com.fasterxml.jackson.datatype\jackson-datatype-jsr310\bundles\jackson-datatype-jsr310-2.7.6.jar, C:\Users\Harry\.ivy2\cache\com.typesafe.play\play-netty-utils\jars\play-netty-utils-2.5.9.jar, C:\Users\Harry\Documents\activator-dist-1.3.10\repository\org.slf4j\slf4j-api\1.7.21\jars\slf4j-api.jar, C:\Users\Harry\.ivy2\cache\org.slf4j\jul-to-slf4j\jars\jul-to-slf4j-1.7.21.jar, C:\Users\Harry\.ivy2\cache\org.slf4j\jcl-over-slf4j\jars\jcl-over-slf4j-1.7.21.jar, C:\Users\Harry\.ivy2\cache\com.typesafe.play\play-streams_2.11\jars\play-streams_2.11-2.5.9.jar, C:\Users\Harry\Documents\activator-dist-1.3.10\repository\org.reactivestreams\reactive-streams\1.0.0\jars\reactive-streams.jar, C:\Users\Harry\.ivy2\cache\com.typesafe.akka\akka-stream_2.11\jars\akka-stream_2.11-2.4.10.jar, C:\Users\Harry\.ivy2\cache\com.typesafe.akka\akka-actor_2.11\jars\akka-actor_2.11-2.4.10.jar, C:\Users\Harry\Documents\activator-dist-1.3.10\repository\org.scala-lang.modules\scala-java8-compat_2.11\0.7.0\bundles\scala-java8-compat_2.11.jar, C:\Users\Harry\.ivy2\cache\com.typesafe\ssl-config-akka_2.11\bundles\ssl-config-akka_2.11-0.2.1.jar, C:\Users\Harry\.ivy2\cache\com.typesafe\ssl-config-core_2.11\bundles\ssl-config-core_2.11-0.2.1.jar, C:\Users\Harry\.ivy2\cache\org.scala-lang.modules\scala-parser-combinators_2.11\bundles\scala-parser-combinators_2.11-1.0.4.jar, C:\Users\Harry\Documents\activator-dist-1.3.10\repository\com.typesafe.play\twirl-api_2.11\1.1.1\jars\twirl-api_2.11.jar, C:\Users\Harry\Documents\activator-dist-1.3.10\repository\org.apache.commons\commons-lang3\3.4\jars\commons-lang3.jar, C:\Users\Harry\.ivy2\cache\org.scala-lang.modules\scala-xml_2.11\bundles\scala-xml_2.11-1.0.1.jar, C:\Users\Harry\.ivy2\cache\com.typesafe.akka\akka-slf4j_2.11\jars\akka-slf4j_2.11-2.4.10.jar, C:\Users\Harry\Documents\activator-dist-1.3.10\repository\commons-codec\commons-codec\1.10\jars\commons-codec.jar, C:\Users\Harry\.ivy2\cache\xerces\xercesImpl\jars\xercesImpl-2.11.0.jar, C:\Users\Harry\.ivy2\cache\xml-apis\xml-apis\jars\xml-apis-1.4.01.jar, C:\Users\Harry\.ivy2\cache\javax.transaction\jta\jars\jta-1.1.jar, C:\Users\Harry\Documents\activator-dist-1.3.10\repository\com.google.inject\guice\4.0\jars\guice.jar, C:\Users\Harry\Documents\activator-dist-1.3.10\repository\javax.inject\javax.inject\1\jars\javax.inject.jar, C:\Users\Harry\Documents\activator-dist-1.3.10\repository\aopalliance\aopalliance\1.0\jars\aopalliance.jar, C:\Users\Harry\.ivy2\cache\com.google.guava\guava\bundles\guava-16.0.1.jar, C:\Users\Harry\Documents\activator-dist-1.3.10\repository\com.google.inject.extensions\guice-assistedinject\4.0\jars\guice-assistedinject.jar, C:\Users\Harry\.ivy2\cache\com.typesafe.netty\netty-reactive-streams-http\jars\netty-reactive-streams-http-1.0.8.jar, C:\Users\Harry\.ivy2\cache\com.typesafe.netty\netty-reactive-streams\jars\netty-reactive-streams-1.0.8.jar, C:\Users\Harry\.ivy2\cache\io.netty\netty-handler\jars\netty-handler-4.0.41.Final.jar, C:\Users\Harry\.ivy2\cache\io.netty\netty-buffer\jars\netty-buffer-4.0.41.Final.jar, C:\Users\Harry\.ivy2\cache\io.netty\netty-common\jars\netty-common-4.0.41.Final.jar, C:\Users\Harry\.ivy2\cache\io.netty\netty-transport\jars\netty-transport-4.0.41.Final.jar, C:\Users\Harry\.ivy2\cache\io.netty\netty-codec\jars\netty-codec-4.0.41.Final.jar, C:\Users\Harry\.ivy2\cache\io.netty\netty-codec-http\jars\netty-codec-http-4.0.41.Final.jar, C:\Users\Harry\.ivy2\cache\io.netty\netty-transport-native-epoll\jars\netty-transport-native-epoll-4.0.41.Final-linux-x86_64.jar, C:\Users\Harry\Documents\activator-dist-1.3.10\repository\com.typesafe.play\play-doc_2.11\1.2.2\jars\play-doc_2.11.jar, C:\Users\Harry\Documents\activator-dist-1.3.10\repository\org.pegdown\pegdown\1.4.0\jars\pegdown.jar, C:\Users\Harry\Documents\activator-dist-1.3.10\repository\org.parboiled\parboiled-java\1.1.5\bundles\parboiled-java.jar, C:\Users\Harry\Documents\activator-dist-1.3.10\repository\org.parboiled\parboiled-core\1.1.5\bundles\parboiled-core.jar, C:\Users\Harry\Documents\activator-dist-1.3.10\repository\org.ow2.asm\asm\4.1\jars\asm.jar, C:\Users\Harry\Documents\activator-dist-1.3.10\repository\org.ow2.asm\asm-tree\4.1\jars\asm-tree.jar, C:\Users\Harry\Documents\activator-dist-1.3.10\repository\org.ow2.asm\asm-analysis\4.1\jars\asm-analysis.jar, C:\Users\Harry\Documents\activator-dist-1.3.10\repository\org.ow2.asm\asm-util\4.1\jars\asm-util.jar, C:\Users\Harry\Documents\activator-dist-1.3.10\repository\commons-io\commons-io\2.4\jars\commons-io.jar),Some(C:\Users\Harry\.ivy2\cache\com.typesafe.play\play-omnidoc_2.11\jars\play-omnidoc_2.11-2.5.9.jar),List(),9000,0.0.0.0,DefaultWatchService,List(C:\Users\Harry\Documents\PRTravelServer\public, C:\Users\Harry\Documents\PRTravelServer\conf, C:\Users\Harry\Documents\PRTravelServer\app),C:\Users\Harry\Documents\PRTravelServer\target,500,root/playForkNotifyStart,root/playForkReload,300000,play.core.server.DevServerStart),scala.pickling.PicklerUnpickler$DelegatingPicklerUnpickler@3685cece),ForkConfig(C:\Users\Harry\Documents\PRTravelServer,List(-Djna.nosys=true),List(C:\Users\Harry\Documents\activator-dist-1.3.10\repository\org.scala-lang\scala-library\2.11.7\jars\scala-library.jar, C:\Users\Harry\Documents\activator-dist-1.3.10\repository\com.typesafe.play\twirl-api_2.11\1.1.1\jars\twirl-api_2.11.jar, C:\Users\Harry\Documents\activator-dist-1.3.10\repository\org.apache.commons\commons-lang3\3.4\jars\commons-lang3.jar, C:\Users\Harry\.ivy2\cache\org.scala-lang.modules\scala-xml_2.11\bundles\scala-xml_2.11-1.0.1.jar, C:\Users\Harry\Documents\activator-dist-1.3.10\repository\com.typesafe.play\play-enhancer\1.1.0\jars\play-enhancer.jar, C:\Users\Harry\.ivy2\cache\com.typesafe.play\play-server_2.11\jars\play-server_2.11-2.5.9.jar, C:\Users\Harry\.ivy2\cache\com.typesafe.play\play_2.11\jars\play_2.11-2.5.9.jar, C:\Users\Harry\.ivy2\cache\com.typesafe.play\build-link\jars\build-link-2.5.9.jar, C:\Users\Harry\.ivy2\cache\com.typesafe.play\play-exceptions\jars\play-exceptions-2.5.9.jar, C:\Users\Harry\.ivy2\cache\com.typesafe.play\play-iteratees_2.11\jars\play-iteratees_2.11-2.5.9.jar, C:\Users\Harry\.ivy2\cache\org.scala-stm\scala-stm_2.11\jars\scala-stm_2.11-0.7.jar, C:\Users\Harry\Documents\activator-dist-1.3.10\repository\com.typesafe\config\1.3.0\bundles\config.jar, C:\Users\Harry\.ivy2\cache\com.typesafe.play\play-json_2.11\jars\play-json_2.11-2.5.9.jar, C:\Users\Harry\.ivy2\cache\com.typesafe.play\play-functional_2.11\jars\play-functional_2.11-2.5.9.jar, C:\Users\Harry\.ivy2\cache\com.typesafe.play\play-datacommons_2.11\jars\play-datacommons_2.11-2.5.9.jar, C:\Users\Harry\.ivy2\cache\joda-time\joda-time\jars\joda-time-2.9.4.jar, C:\Users\Harry\Documents\activator-dist-1.3.10\repository\org.joda\joda-convert\1.8.1\jars\joda-convert.jar, C:\Users\Harry\Documents\activator-dist-1.3.10\repository\org.scala-lang\scala-reflect\2.11.7\jars\scala-reflect.jar, C:\Users\Harry\.ivy2\cache\com.fasterxml.jackson.core\jackson-core\bundles\jackson-core-2.7.6.jar, C:\Users\Harry\.ivy2\cache\com.fasterxml.jackson.core\jackson-annotations\bundles\jackson-annotations-2.7.6.jar, C:\Users\Harry\.ivy2\cache\com.fasterxml.jackson.core\jackson-databind\bundles\jackson-databind-2.7.6.jar, C:\Users\Harry\.ivy2\cache\com.fasterxml.jackson.datatype\jackson-datatype-jdk8\bundles\jackson-datatype-jdk8-2.7.6.jar, C:\Users\Harry\.ivy2\cache\com.fasterxml.jackson.datatype\jackson-datatype-jsr310\bundles\jackson-datatype-jsr310-2.7.6.jar, C:\Users\Harry\.ivy2\cache\com.typesafe.play\play-netty-utils\jars\play-netty-utils-2.5.9.jar, C:\Users\Harry\Documents\activator-dist-1.3.10\repository\org.slf4j\slf4j-api\1.7.21\jars\slf4j-api.jar, C:\Users\Harry\.ivy2\cache\org.slf4j\jul-to-slf4j\jars\jul-to-slf4j-1.7.21.jar, C:\Users\Harry\.ivy2\cache\org.slf4j\jcl-over-slf4j\jars\jcl-over-slf4j-1.7.21.jar, C:\Users\Harry\.ivy2\cache\com.typesafe.play\play-streams_2.11\jars\play-streams_2.11-2.5.9.jar, C:\Users\Harry\Documents\activator-dist-1.3.10\repository\org.reactivestreams\reactive-streams\1.0.0\jars\reactive-streams.jar, C:\Users\Harry\.ivy2\cache\com.typesafe.akka\akka-stream_2.11\jars\akka-stream_2.11-2.4.10.jar, C:\Users\Harry\.ivy2\cache\com.typesafe.akka\akka-actor_2.11\jars\akka-actor_2.11-2.4.10.jar, C:\Users\Harry\Documents\activator-dist-1.3.10\repository\org.scala-lang.modules\scala-java8-compat_2.11\0.7.0\bundles\scala-java8-compat_2.11.jar, C:\Users\Harry\.ivy2\cache\com.typesafe\ssl-config-akka_2.11\bundles\ssl-config-akka_2.11-0.2.1.jar, C:\Users\Harry\.ivy2\cache\com.typesafe\ssl-config-core_2.11\bundles\ssl-config-core_2.11-0.2.1.jar, C:\Users\Harry\.ivy2\cache\org.scala-lang.modules\scala-parser-combinators_2.11\bundles\scala-parser-combinators_2.11-1.0.4.jar, C:\Users\Harry\.ivy2\cache\com.typesafe.akka\akka-slf4j_2.11\jars\akka-slf4j_2.11-2.4.10.jar, C:\Users\Harry\Documents\activator-dist-1.3.10\repository\commons-codec\commons-codec\1.10\jars\commons-codec.jar, C:\Users\Harry\.ivy2\cache\xerces\xercesImpl\jars\xercesImpl-2.11.0.jar, C:\Users\Harry\.ivy2\cache\xml-apis\xml-apis\jars\xml-apis-1.4.01.jar, C:\Users\Harry\.ivy2\cache\javax.transaction\jta\jars\jta-1.1.jar, C:\Users\Harry\Documents\activator-dist-1.3.10\repository\com.google.inject\guice\4.0\jars\guice.jar, C:\Users\Harry\Documents\activator-dist-1.3.10\repository\javax.inject\javax.inject\1\jars\javax.inject.jar, C:\Users\Harry\Documents\activator-dist-1.3.10\repository\aopalliance\aopalliance\1.0\jars\aopalliance.jar, C:\Users\Harry\Documents\activator-dist-1.3.10\repository\com.google.inject.extensions\guice-assistedinject\4.0\jars\guice-assistedinject.jar, C:\Users\Harry\.ivy2\cache\com.typesafe.play\play-java_2.11\jars\play-java_2.11-2.5.9.jar, C:\Users\Harry\Documents\activator-dist-1.3.10\repository\org.yaml\snakeyaml\1.16\bundles\snakeyaml.jar, C:\Users\Harry\Documents\activator-dist-1.3.10\repository\org.hibernate\hibernate-validator\5.2.4.Final\jars\hibernate-validator.jar, C:\Users\Harry\Documents\activator-dist-1.3.10\repository\javax.validation\validation-api\1.1.0.Final\jars\validation-api.jar, C:\Users\Harry\Documents\activator-dist-1.3.10\repository\org.jboss.logging\jboss-logging\3.2.1.Final\jars\jboss-logging.jar, C:\Users\Harry\Documents\activator-dist-1.3.10\repository\com.fasterxml\classmate\1.1.0\bundles\classmate.jar, C:\Users\Harry\Documents\activator-dist-1.3.10\repository\javax.el\javax.el-api\3.0.0\jars\javax.el-api.jar, C:\Users\Harry\.ivy2\cache\org.springframework\spring-context\jars\spring-context-4.2.7.RELEASE.jar, C:\Users\Harry\.ivy2\cache\org.springframework\spring-core\jars\spring-core-4.2.7.RELEASE.jar, C:\Users\Harry\.ivy2\cache\org.springframework\spring-beans\jars\spring-beans-4.2.7.RELEASE.jar, C:\Users\Harry\Documents\activator-dist-1.3.10\repository\org.reflections\reflections\0.9.10\jars\reflections.jar, C:\Users\Harry\Documents\activator-dist-1.3.10\repository\com.google.guava\guava\19.0\bundles\guava.jar, C:\Users\Harry\Documents\activator-dist-1.3.10\repository\net.jodah\typetools\0.4.4\bundles\typetools.jar, C:\Users\Harry\Documents\activator-dist-1.3.10\repository\com.google.code.findbugs\jsr305\3.0.1\jars\jsr305.jar, C:\Users\Harry\.ivy2\cache\org.apache.tomcat\tomcat-servlet-api\jars\tomcat-servlet-api-8.0.33.jar, C:\Users\Harry\.ivy2\cache\com.typesafe.play\play-netty-server_2.11\jars\play-netty-server_2.11-2.5.9.jar, C:\Users\Harry\.ivy2\cache\com.typesafe.netty\netty-reactive-streams-http\jars\netty-reactive-streams-http-1.0.8.jar, C:\Users\Harry\.ivy2\cache\com.typesafe.netty\netty-reactive-streams\jars\netty-reactive-streams-1.0.8.jar, C:\Users\Harry\.ivy2\cache\io.netty\netty-handler\jars\netty-handler-4.0.41.Final.jar, C:\Users\Harry\.ivy2\cache\io.netty\netty-buffer\jars\netty-buffer-4.0.41.Final.jar, C:\Users\Harry\.ivy2\cache\io.netty\netty-common\jars\netty-common-4.0.41.Final.jar, C:\Users\Harry\.ivy2\cache\io.netty\netty-transport\jars\netty-transport-4.0.41.Final.jar, C:\Users\Harry\.ivy2\cache\io.netty\netty-codec\jars\netty-codec-4.0.41.Final.jar, C:\Users\Harry\.ivy2\cache\io.netty\netty-codec-http\jars\netty-codec-http-4.0.41.Final.jar, C:\Users\Harry\.ivy2\cache\io.netty\netty-transport-native-epoll\jars\netty-transport-native-epoll-4.0.41.Final-linux-x86_64.jar, C:\Users\Harry\.ivy2\cache\com.typesafe.play\play-logback_2.11\jars\play-logback_2.11-2.5.9.jar, C:\Users\Harry\.ivy2\cache\ch.qos.logback\logback-classic\jars\logback-classic-1.1.7.jar, C:\Users\Harry\.ivy2\cache\ch.qos.logback\logback-core\jars\logback-core-1.1.7.jar, C:\Users\Harry\.ivy2\cache\com.typesafe.play\play-java-jdbc_2.11\jars\play-java-jdbc_2.11-2.5.9.jar, C:\Users\Harry\.ivy2\cache\com.typesafe.play\play-jdbc_2.11\jars\play-jdbc_2.11-2.5.9.jar, C:\Users\Harry\.ivy2\cache\com.typesafe.play\play-jdbc-api_2.11\jars\play-jdbc-api_2.11-2.5.9.jar, C:\Users\Harry\Documents\activator-dist-1.3.10\repository\com.jolbox\bonecp\0.8.0.RELEASE\bundles\bonecp.jar, C:\Users\Harry\.ivy2\cache\com.zaxxer\HikariCP\bundles\HikariCP-2.5.1.jar, C:\Users\Harry\Documents\activator-dist-1.3.10\repository\com.googlecode.usc\jdbcdslog\1.0.6.2\jars\jdbcdslog.jar, C:\Users\Harry\.ivy2\cache\com.h2database\h2\jars\h2-1.4.192.jar, C:\Users\Harry\Documents\activator-dist-1.3.10\repository\tyrex\tyrex\1.0.1\jars\tyrex.jar, C:\Users\Harry\.ivy2\cache\com.typesafe.play\play-cache_2.11\jars\play-cache_2.11-2.5.9.jar, C:\Users\Harry\Documents\activator-dist-1.3.10\repository\net.sf.ehcache\ehcache-core\2.6.11\jars\ehcache-core.jar, C:\Users\Harry\.ivy2\cache\com.typesafe.play\play-java-ws_2.11\jars\play-java-ws_2.11-2.5.9.jar, C:\Users\Harry\.ivy2\cache\com.typesafe.play\play-ws_2.11\jars\play-ws_2.11-2.5.9.jar, C:\Users\Harry\.ivy2\cache\org.asynchttpclient\async-http-client\jars\async-http-client-2.0.11.jar, C:\Users\Harry\.ivy2\cache\org.asynchttpclient\netty-resolver-dns\jars\netty-resolver-dns-2.0.11.jar, C:\Users\Harry\.ivy2\cache\org.asynchttpclient\netty-resolver\jars\netty-resolver-2.0.11.jar, C:\Users\Harry\.ivy2\cache\org.asynchttpclient\netty-codec-dns\jars\netty-codec-dns-2.0.11.jar, C:\Users\Harry\Documents\activator-dist-1.3.10\repository\org.javassist\javassist\3.20.0-GA\bundles\javassist.jar, C:\Users\Harry\.ivy2\cache\oauth.signpost\signpost-core\jars\signpost-core-1.2.1.2.jar, C:\Users\Harry\.ivy2\cache\oauth.signpost\signpost-commonshttp4\jars\signpost-commonshttp4-1.2.1.2.jar, C:\Users\Harry\Documents\activator-dist-1.3.10\repository\org.apache.httpcomponents\httpcore\4.0.1\jars\httpcore.jar, C:\Users\Harry\Documents\activator-dist-1.3.10\repository\org.apache.httpcomponents\httpclient\4.0.1\jars\httpclient.jar, C:\Users\Harry\.ivy2\cache\commons-logging\commons-logging\jars\commons-logging-1.1.1.jar, C:\Users\Harry\.ivy2\cache\com.typesafe.play\filters-helpers_2.11\jars\filters-helpers_2.11-2.5.9.jar),List((public/,C:\Users\Harry\Documents\PRTravelServer\target\web\public\main)),List(C:\Users\Harry\.ivy2\cache\com.typesafe.play\play-omnidoc_2.11\jars\play-omnidoc_2.11-2.5.9.jar, C:\Users\Harry\Documents\activator-dist-1.3.10\repository\org.scala-lang\scala-library\2.11.7\jars\scala-library.jar, C:\Users\Harry\.ivy2\cache\com.typesafe.play\play-docs_2.11\jars\play-docs_2.11-2.5.9.jar, C:\Users\Harry\.ivy2\cache\com.typesafe.play\play-netty-server_2.11\jars\play-netty-server_2.11-2.5.9.jar, C:\Users\Harry\.ivy2\cache\com.typesafe.play\play-server_2.11\jars\play-server_2.11-2.5.9.jar, C:\Users\Harry\.ivy2\cache\com.typesafe.play\play_2.11\jars\play_2.11-2.5.9.jar, C:\Users\Harry\.ivy2\cache\com.typesafe.play\build-link\jars\build-link-2.5.9.jar, C:\Users\Harry\.ivy2\cache\com.typesafe.play\play-exceptions\jars\play-exceptions-2.5.9.jar, C:\Users\Harry\.ivy2\cache\com.typesafe.play\play-iteratees_2.11\jars\play-iteratees_2.11-2.5.9.jar, C:\Users\Harry\.ivy2\cache\org.scala-stm\scala-stm_2.11\jars\scala-stm_2.11-0.7.jar, C:\Users\Harry\Documents\activator-dist-1.3.10\repository\com.typesafe\config\1.3.0\bundles\config.jar, C:\Users\Harry\.ivy2\cache\com.typesafe.play\play-json_2.11\jars\play-json_2.11-2.5.9.jar, C:\Users\Harry\.ivy2\cache\com.typesafe.play\play-functional_2.11\jars\play-functional_2.11-2.5.9.jar, C:\Users\Harry\.ivy2\cache\com.typesafe.play\play-datacommons_2.11\jars\play-datacommons_2.11-2.5.9.jar, C:\Users\Harry\.ivy2\cache\joda-time\joda-time\jars\joda-time-2.9.4.jar, C:\Users\Harry\Documents\activator-dist-1.3.10\repository\org.joda\joda-convert\1.8.1\jars\joda-convert.jar, C:\Users\Harry\Documents\activator-dist-1.3.10\repository\org.scala-lang\scala-reflect\2.11.7\jars\scala-reflect.jar, C:\Users\Harry\.ivy2\cache\com.fasterxml.jackson.core\jackson-core\bundles\jackson-core-2.7.6.jar, C:\Users\Harry\.ivy2\cache\com.fasterxml.jackson.core\jackson-annotations\bundles\jackson-annotations-2.7.6.jar, C:\Users\Harry\.ivy2\cache\com.fasterxml.jackson.core\jackson-databind\bundles\jackson-databind-2.7.6.jar, C:\Users\Harry\.ivy2\cache\com.fasterxml.jackson.datatype\jackson-datatype-jdk8\bundles\jackson-datatype-jdk8-2.7.6.jar, C:\Users\Harry\.ivy2\cache\com.fasterxml.jackson.datatype\jackson-datatype-jsr310\bundles\jackson-datatype-jsr310-2.7.6.jar, C:\Users\Harry\.ivy2\cache\com.typesafe.play\play-netty-utils\jars\play-netty-utils-2.5.9.jar, C:\Users\Harry\Documents\activator-dist-1.3.10\repository\org.slf4j\slf4j-api\1.7.21\jars\slf4j-api.jar, C:\Users\Harry\.ivy2\cache\org.slf4j\jul-to-slf4j\jars\jul-to-slf4j-1.7.21.jar, C:\Users\Harry\.ivy2\cache\org.slf4j\jcl-over-slf4j\jars\jcl-over-slf4j-1.7.21.jar, C:\Users\Harry\.ivy2\cache\com.typesafe.play\play-streams_2.11\jars\play-streams_2.11-2.5.9.jar, C:\Users\Harry\Documents\activator-dist-1.3.10\repository\org.reactivestreams\reactive-streams\1.0.0\jars\reactive-streams.jar, C:\Users\Harry\.ivy2\cache\com.typesafe.akka\akka-stream_2.11\jars\akka-stream_2.11-2.4.10.jar, C:\Users\Harry\.ivy2\cache\com.typesafe.akka\akka-actor_2.11\jars\akka-actor_2.11-2.4.10.jar, C:\Users\Harry\Documents\activator-dist-1.3.10\repository\org.scala-lang.modules\scala-java8-compat_2.11\0.7.0\bundles\scala-java8-compat_2.11.jar, C:\Users\Harry\.ivy2\cache\com.typesafe\ssl-config-akka_2.11\bundles\ssl-config-akka_2.11-0.2.1.jar, C:\Users\Harry\.ivy2\cache\com.typesafe\ssl-config-core_2.11\bundles\ssl-config-core_2.11-0.2.1.jar, C:\Users\Harry\.ivy2\cache\org.scala-lang.modules\scala-parser-combinators_2.11\bundles\scala-parser-combinators_2.11-1.0.4.jar, C:\Users\Harry\Documents\activator-dist-1.3.10\repository\com.typesafe.play\twirl-api_2.11\1.1.1\jars\twirl-api_2.11.jar, C:\Users\Harry\Documents\activator-dist-1.3.10\repository\org.apache.commons\commons-lang3\3.4\jars\commons-lang3.jar, C:\Users\Harry\.ivy2\cache\org.scala-lang.modules\scala-xml_2.11\bundles\scala-xml_2.11-1.0.1.jar, C:\Users\Harry\.ivy2\cache\com.typesafe.akka\akka-slf4j_2.11\jars\akka-slf4j_2.11-2.4.10.jar, C:\Users\Harry\Documents\activator-dist-1.3.10\repository\commons-codec\commons-codec\1.10\jars\commons-codec.jar, C:\Users\Harry\.ivy2\cache\xerces\xercesImpl\jars\xercesImpl-2.11.0.jar, C:\Users\Harry\.ivy2\cache\xml-apis\xml-apis\jars\xml-apis-1.4.01.jar, C:\Users\Harry\.ivy2\cache\javax.transaction\jta\jars\jta-1.1.jar, C:\Users\Harry\Documents\activator-dist-1.3.10\repository\com.google.inject\guice\4.0\jars\guice.jar, C:\Users\Harry\Documents\activator-dist-1.3.10\repository\javax.inject\javax.inject\1\jars\javax.inject.jar, C:\Users\Harry\Documents\activator-dist-1.3.10\repository\aopalliance\aopalliance\1.0\jars\aopalliance.jar, C:\Users\Harry\.ivy2\cache\com.google.guava\guava\bundles\guava-16.0.1.jar, C:\Users\Harry\Documents\activator-dist-1.3.10\repository\com.google.inject.extensions\guice-assistedinject\4.0\jars\guice-assistedinject.jar, C:\Users\Harry\.ivy2\cache\com.typesafe.netty\netty-reactive-streams-http\jars\netty-reactive-streams-http-1.0.8.jar, C:\Users\Harry\.ivy2\cache\com.typesafe.netty\netty-reactive-streams\jars\netty-reactive-streams-1.0.8.jar, C:\Users\Harry\.ivy2\cache\io.netty\netty-handler\jars\netty-handler-4.0.41.Final.jar, C:\Users\Harry\.ivy2\cache\io.netty\netty-buffer\jars\netty-buffer-4.0.41.Final.jar, C:\Users\Harry\.ivy2\cache\io.netty\netty-common\jars\netty-common-4.0.41.Final.jar, C:\Users\Harry\.ivy2\cache\io.netty\netty-transport\jars\netty-transport-4.0.41.Final.jar, C:\Users\Harry\.ivy2\cache\io.netty\netty-codec\jars\netty-codec-4.0.41.Final.jar, C:\Users\Harry\.ivy2\cache\io.netty\netty-codec-http\jars\netty-codec-http-4.0.41.Final.jar, C:\Users\Harry\.ivy2\cache\io.netty\netty-transport-native-epoll\jars\netty-transport-native-epoll-4.0.41.Final-linux-x86_64.jar, C:\Users\Harry\Documents\activator-dist-1.3.10\repository\com.typesafe.play\play-doc_2.11\1.2.2\jars\play-doc_2.11.jar, C:\Users\Harry\Documents\activator-dist-1.3.10\repository\org.pegdown\pegdown\1.4.0\jars\pegdown.jar, C:\Users\Harry\Documents\activator-dist-1.3.10\repository\org.parboiled\parboiled-java\1.1.5\bundles\parboiled-java.jar, C:\Users\Harry\Documents\activator-dist-1.3.10\repository\org.parboiled\parboiled-core\1.1.5\bundles\parboiled-core.jar, C:\Users\Harry\Documents\activator-dist-1.3.10\repository\org.ow2.asm\asm\4.1\jars\asm.jar, C:\Users\Harry\Documents\activator-dist-1.3.10\repository\org.ow2.asm\asm-tree\4.1\jars\asm-tree.jar, C:\Users\Harry\Documents\activator-dist-1.3.10\repository\org.ow2.asm\asm-analysis\4.1\jars\asm-analysis.jar, C:\Users\Harry\Documents\activator-dist-1.3.10\repository\org.ow2.asm\asm-util\4.1\jars\asm-util.jar, C:\Users\Harry\Documents\activator-dist-1.3.10\repository\commons-io\commons-io\2.4\jars\commons-io.jar),Some(C:\Users\Harry\.ivy2\cache\com.typesafe.play\play-omnidoc_2.11\jars\play-omnidoc_2.11-2.5.9.jar),List(),9000,0.0.0.0,DefaultWatchService,List(C:\Users\Harry\Documents\PRTravelServer\public, C:\Users\Harry\Documents\PRTravelServer\conf, C:\Users\Harry\Documents\PRTravelServer\app),C:\Users\Harry\Documents\PRTravelServer\target,500,root/playForkNotifyStart,root/playForkReload,300000,play.core.server.DevServerStart))))
Sending msg to client play-fork-run-462da843-7585-4aa7-bf5b-6c2041bf7e26: TaskStarted(47,3830,None)
Sending msg to client play-fork-run-462da843-7585-4aa7-bf5b-6c2041bf7e26: TaskFinished(47,3830,None,true,None)
Sending msg to client play-fork-run-462da843-7585-4aa7-bf5b-6c2041bf7e26: TaskStarted(47,3829,None)
Sending msg to client play-fork-run-462da843-7585-4aa7-bf5b-6c2041bf7e26: TaskFinished(47,3829,None,true,None)
Sending msg to client play-fork-run-462da843-7585-4aa7-bf5b-6c2041bf7e26: DetachedLogEvent(LogMessage(debug,cancel strategy finish enabled=false lastCommand=Some(LastCommand(CommandExecutionWork(ExecutionId(47),{file:/C:/Users/Harry/Documents/PRTravelServer/}root/*:playForkConfig,Set(LiveClient(play-fork-run 462da843-7585-4aa7-bf5b-6c2041bf7e26)),sbt.server.WorkCancellationStatus$$anon$1@1113d539)))))
Sending msg to client play-fork-run-462da843-7585-4aa7-bf5b-6c2041bf7e26: DetachedLogEvent(LogSuccess(Total time: 1 s, completed 10-12-2016 10:23:51 PM))
Sending msg to client play-fork-run-462da843-7585-4aa7-bf5b-6c2041bf7e26: DetachedLogEvent(LogMessage(debug,> server-post-command-cleanup))
Sending msg to client play-fork-run-462da843-7585-4aa7-bf5b-6c2041bf7e26: ExecutionSuccess(47)
Sending msg to client play-fork-run-462da843-7585-4aa7-bf5b-6c2041bf7e26: DetachedLogEvent(LogMessage(debug,> server-handle-next-server-request))
Sending msg to client play-fork-run-462da843-7585-4aa7-bf5b-6c2041bf7e26: BackgroundJobLogEvent(8,LogMessage(info,))
Sending msg to client play-fork-run-462da843-7585-4aa7-bf5b-6c2041bf7e26: BackgroundJobLogEvent(8,LogMessage(info,--- (Running the application, auto-reloading is enabled) ---))
Sending msg to client play-fork-run-462da843-7585-4aa7-bf5b-6c2041bf7e26: BackgroundJobLogEvent(8,LogMessage(info,))
Sending msg to client play-fork-run-462da843-7585-4aa7-bf5b-6c2041bf7e26: BackgroundJobLogEvent(8,LogMessage(info,p.c.s.NettyServer - Listening for HTTP on /0:0:0:0:0:0:0:0:9000))
Sending msg to client play-fork-run-462da843-7585-4aa7-bf5b-6c2041bf7e26: BackgroundJobLogEvent(8,LogMessage(info,))
Sending msg to client play-fork-run-462da843-7585-4aa7-bf5b-6c2041bf7e26: BackgroundJobLogEvent(8,LogMessage(info,(Server started, use Ctrl+D to stop and go back to the console...)))
Sending msg to client play-fork-run-462da843-7585-4aa7-bf5b-6c2041bf7e26: BackgroundJobLogEvent(8,LogMessage(info,))
Got request: ExecutionRequest(root/playForkNotifyStart http://localhost:9000)
Reading next message from client.
Sending msg to client play-fork-run-462da843-7585-4aa7-bf5b-6c2041bf7e26: (8,ExecutionRequestReceived(48))
Sending msg to client play-fork-run-462da843-7585-4aa7-bf5b-6c2041bf7e26: ExecutionWaiting(48,root/playForkNotifyStart http://localhost:9000,ClientInfo(462da843-7585-4aa7-bf5b-6c2041bf7e26,play-fork-run,Play Fork Run,1,Vector()))
Sending msg to client play-fork-run-462da843-7585-4aa7-bf5b-6c2041bf7e26: ExecutionStarting(48)
Sending msg to client play-fork-run-462da843-7585-4aa7-bf5b-6c2041bf7e26: DetachedLogEvent(LogMessage(debug,> root/playForkNotifyStart http://localhost:9000))
Sending msg to client play-fork-run-462da843-7585-4aa7-bf5b-6c2041bf7e26: DetachedLogEvent(LogMessage(debug,Evaluating tasks: *:playForkNotifyStart))
Sending msg to client play-fork-run-462da843-7585-4aa7-bf5b-6c2041bf7e26: DetachedLogEvent(LogMessage(debug,Running task... Cancel: sbt.server.ServerTaskCancellation@5b5a2990, check cycles: false))
Sending msg to client play-fork-run-462da843-7585-4aa7-bf5b-6c2041bf7e26: DetachedLogEvent(LogMessage(debug,cancel strategy start enabled=true lastCommand=Some(LastCommand(CommandExecutionWork(ExecutionId(48),root/playForkNotifyStart http://localhost:9000,Set(LiveClient(play-fork-run 462da843-7585-4aa7-bf5b-6c2041bf7e26)),sbt.server.WorkCancellationStatus$$anon$1@5f6d49fb)))))
Sending msg to client play-fork-run-462da843-7585-4aa7-bf5b-6c2041bf7e26: TaskStarted(48,3909,Some(AttributeKey[sbt.SendEventService]("sendEventService") in Scope(Global)))
Sending msg to client play-fork-run-462da843-7585-4aa7-bf5b-6c2041bf7e26: TaskFinished(48,3909,Some(AttributeKey[sbt.SendEventService]("sendEventService") in Scope(Global)),true,None)
Sending msg to client play-fork-run-462da843-7585-4aa7-bf5b-6c2041bf7e26: TaskStarted(48,3908,Some(AttributeKey[scala.Function1[java.lang.String,void]]("playForkStarted") in Scope(Build: file:/C:/Users/Harry/Documents/PRTravelServer/, , Project: ProjectReference(file:/C:/Users/Harry/Documents/PRTravelServer/,root))))
Sending msg to client play-fork-run-462da843-7585-4aa7-bf5b-6c2041bf7e26: TaskFinished(48,3908,Some(AttributeKey[scala.Function1[java.lang.String,void]]("playForkStarted") in Scope(Build: file:/C:/Users/Harry/Documents/PRTravelServer/, , Project: ProjectReference(file:/C:/Users/Harry/Documents/PRTravelServer/,root))),true,None)
Sending msg to client play-fork-run-462da843-7585-4aa7-bf5b-6c2041bf7e26: TaskStarted(48,3907,Some(AttributeKey[void]("playForkNotifyStart") in Scope(Build: file:/C:/Users/Harry/Documents/PRTravelServer/, , Project: ProjectReference(file:/C:/Users/Harry/Documents/PRTravelServer/,root))))
Sending msg to client play-fork-run-462da843-7585-4aa7-bf5b-6c2041bf7e26: TaskEvent(3907,LazyValue(PlayServerStarted(http://localhost:9000),play.forkrun.protocol.Serializers$PlayForkrunProtocolPlayServerStartedPickler1$2$@475ace8f))
Sending msg to client play-fork-run-462da843-7585-4aa7-bf5b-6c2041bf7e26: TaskFinished(48,3907,Some(AttributeKey[void]("playForkNotifyStart") in Scope(Build: file:/C:/Users/Harry/Documents/PRTravelServer/, , Project: ProjectReference(file:/C:/Users/Harry/Documents/PRTravelServer/,root))),true,None)
Sending msg to client play-fork-run-462da843-7585-4aa7-bf5b-6c2041bf7e26: TaskStarted(48,3906,None)
Sending msg to client play-fork-run-462da843-7585-4aa7-bf5b-6c2041bf7e26: TaskFinished(48,3906,None,true,None)
Sending msg to client play-fork-run-462da843-7585-4aa7-bf5b-6c2041bf7e26: TaskStarted(48,3905,None)
Sending msg to client play-fork-run-462da843-7585-4aa7-bf5b-6c2041bf7e26: TaskFinished(48,3905,None,true,None)
Sending msg to client play-fork-run-462da843-7585-4aa7-bf5b-6c2041bf7e26: DetachedLogEvent(LogMessage(debug,cancel strategy finish enabled=false lastCommand=Some(LastCommand(CommandExecutionWork(ExecutionId(48),root/playForkNotifyStart http://localhost:9000,Set(LiveClient(play-fork-run 462da843-7585-4aa7-bf5b-6c2041bf7e26)),sbt.server.WorkCancellationStatus$$anon$1@5f6d49fb)))))
Sending msg to client play-fork-run-462da843-7585-4aa7-bf5b-6c2041bf7e26: DetachedLogEvent(LogSuccess(Total time: 0 s, completed 10-12-2016 10:23:54 PM))
Sending msg to client play-fork-run-462da843-7585-4aa7-bf5b-6c2041bf7e26: DetachedLogEvent(LogMessage(debug,> server-post-command-cleanup))
Sending msg to client play-fork-run-462da843-7585-4aa7-bf5b-6c2041bf7e26: ExecutionSuccess(48)
Sending msg to client play-fork-run-462da843-7585-4aa7-bf5b-6c2041bf7e26: DetachedLogEvent(LogMessage(debug,> server-handle-next-server-request))
